	                _                 
  _  ._ _  |_  |_| /  | o  _  ._ _|_  
 (_| | | | |_) | | \_ | | (/_ | | |_ 
  _|                                  
/Users/abrahamdick/RailwayCabal/gmbh-testing-tool/services/c1
[gmbh] using core address from env=localhost:49500
[gmbh] managed mode; ignoring siging; listening for sigusr2
[gmbh] started, time=2019-02-21T19:26:15-06:00
[gmbh] attempting to connect to gmbh-core
[gmbh] Could not reach gmbh-core, trying again in 5 seconds
[gmbh] registration details:
[gmbh] id=101; address=localhost:49504; fingerprint=bhnkvf3mvbavqjauf9f0
[gmbh] connected; coreAddress=(localhost:49504)
[gmbh] ==0==> from: ws; method: gatherData
[gmbh] -> ping
[gmbh] Shutdown procedures started in client from signal
[gmbh] disconnecting from gmbh-core
[gmbh] con exists; can send formal disconnect
[gmbh] managed shutdown on return
[gmbh] shutdown, time=2019-02-21T19:27:33-06:00
