                      _                       
  _  ._ _  |_  |_|   |_)  _  ._ _   _ _|_  _  
 (_| | | | |_) | |   | \ (/_ | | | (_) |_ (/_ 
  _|                                          
[remote] started, time=Feb 27 10:57:27
[remote] remote is in managed mode; using sigusr2; ignoring sigusr1, sigint
[remote] attempting to connect to core
[remote] registration; id=r102; address=localhost:59508; fingerprint=bhrc2trmvbat680plqk0
[r102] connected
[r102] added s100
log at /Users/abrahamdick/RailwayCabal/gmbh-testing-tool/gmbh/logs/c4-stdout.log
[r102] added s102
log at /Users/abrahamdick/RailwayCabal/gmbh-testing-tool/gmbh/logs/ws-stdout.log
[r102] added s101
log at /Users/abrahamdick/RailwayCabal/gmbh-testing-tool/gmbh/logs/c3-stdout.log
[r102] service started with pid=54055
[r102] service started with pid=54058
[r102] service started with pid=54060
[r102] [rpc] -> Request:"request.info.all" 
[r102] [rpc] -> Request:"request.info.all" 
[r102] [rpc] -> Request:"request.info.all" 
[r102] [rpc] -> Request:"request.info.all" 
[r102] [rpc] -> Request:"gmbh.shutdown" 
[r102] sending graceful shutdown notices
[r102] [rpc] -> Request:"core.shutdown" 
[r102] removed 0/1 channels
[r102] [remote] Shutdown procedures started in remote from procm
[r102] disconnecting
[r102] sending shutdown to s100
[r102] sending shutdown to s101
[r102] sending shutdown to s102
[r102] sending notify to core
[r102] notice sent
[r102] [remote] shutdown, time=Feb 27 12:07:58
                      _                       
  _  ._ _  |_  |_|   |_)  _  ._ _   _ _|_  _  
 (_| | | | |_) | |   | \ (/_ | | | (_) |_ (/_ 
  _|                                          
[remote] started, time=Feb 27 13:42:25
[remote] remote is in managed mode; using sigusr2; ignoring sigusr1, sigint
[remote] attempting to connect to core
[remote] registration; id=r101; address=localhost:59506; fingerprint=bhreg8bmvbagmumcl8j0
[r101] connected
[r101] added s101
log at /Users/abrahamdick/RailwayCabal/gmbh-testing-tool/gmbh/logs/c4-stdout.log
[r101] added s102
log at /Users/abrahamdick/RailwayCabal/gmbh-testing-tool/gmbh/logs/c3-stdout.log
[r101] added s100
log at /Users/abrahamdick/RailwayCabal/gmbh-testing-tool/gmbh/logs/ws-stdout.log
[r101] service started with pid=2948
[r101] service started with pid=2946
[r101] service started with pid=2947
[r101] [rpc] -> Request:"request.info.all" 
[r101] [rpc] -> Request:"request.info.all" 
[r101] [rpc] -> Request:"request.info.all" 
[r101] [rpc] -> Request:"gmbh.shutdown" 
[r101] sending graceful shutdown notices
[r101] [rpc] -> Request:"core.shutdown" 
[r101] removed 0/1 channels
[r101] [remote] Shutdown procedures started in remote from procm
[r101] disconnecting
[r101] sending shutdown to s101
[r101] sending shutdown to s100
[r101] sending shutdown to s102
[r101] sending notify to core
[r101] notice sent
[r101] [remote] shutdown, time=Feb 27 13:47:29
                      _                       
  _  ._ _  |_  |_|   |_)  _  ._ _   _ _|_  _  
 (_| | | | |_) | |   | \ (/_ | | | (_) |_ (/_ 
  _|                                          
[remote] started, time=Feb 27 13:47:45
[remote] remote is in managed mode; using sigusr2; ignoring sigusr1, sigint
[remote] attempting to connect to core
[remote] registration; id=r102; address=localhost:59508; fingerprint=bhreiobmvbagtbrhgdf0
[r102] connected
[r102] [rpc] -> Request:"request.info.all" 
[r102] added s100
log at /Users/abrahamdick/RailwayCabal/gmbh-testing-tool/gmbh/logs/c3-stdout.log
[r102] added s101
[r102] added s102
log at /Users/abrahamdick/RailwayCabal/gmbh-testing-tool/gmbh/logs/ws-stdout.log
log at /Users/abrahamdick/RailwayCabal/gmbh-testing-tool/gmbh/logs/c4-stdout.log
[r102] service started with pid=3765
[r102] service started with pid=3769
[r102] service started with pid=3767
[r102] [rpc] -> Request:"gmbh.shutdown" 
[r102] sending graceful shutdown notices
[r102] [rpc] -> Request:"core.shutdown" 
[r102] removed 0/1 channels
[r102] [remote] Shutdown procedures started in remote from procm
[r102] disconnecting
[r102] sending shutdown to s100
[r102] sending shutdown to s102
[r102] sending shutdown to s101
[r102] sending notify to core
[r102] notice sent
[r102] [remote] shutdown, time=Feb 27 13:52:28
                      _                       
  _  ._ _  |_  |_|   |_)  _  ._ _   _ _|_  _  
 (_| | | | |_) | |   | \ (/_ | | | (_) |_ (/_ 
  _|                                          
[remote] started, time=Mar  6 10:57:38
[remote] remote is in managed mode; using sigusr2; ignoring sigusr1, sigint
[remote] attempting to connect to core
[remote] registration; id=r102; address=localhost:59508; fingerprint=bhvvo0jmvbatded7bdk0
[r102] connected
[r102] added s101
log at /Users/abrahamdick/RailwayCabal/gmbh-testing-tool/gmbh/logs/c3-stdout.log
[r102] added s102
[r102] added s100
log at /Users/abrahamdick/RailwayCabal/gmbh-testing-tool/gmbh/logs/c4-stdout.log
log at /Users/abrahamdick/RailwayCabal/gmbh-testing-tool/gmbh/logs/ws-stdout.log
[r102] service started with pid=54974
[r102] service started with pid=54977
[r102] service started with pid=54979
[r102] [rpc] -> Request:"request.info.all" 
[r102] [rpc] -> Request:"request.info.all" 
[r102] [rpc] -> Request:"request.info.all" 
[r102] [rpc] -> Request:"request.info.all" 
[r102] [rpc] -> Request:"request.info.all" 
[r102] [rpc] -> Request:"request.info.all" 
[r102] [rpc] -> Request:"gmbh.shutdown" 
[r102] sending graceful shutdown notices
[r102] did not receive pong response
[r102] connection to core reporting failure
[r102] attempting to reconneced
[r102] attempting to connect to core
                      _                       
  _  ._ _  |_  |_|   |_)  _  ._ _   _ _|_  _  
 (_| | | | |_) | |   | \ (/_ | | | (_) |_ (/_ 
  _|                                          
[remote] started, time=Mar  6 11:41:43
[remote] remote is in managed mode; using sigusr2; ignoring sigusr1, sigint
[remote] attempting to connect to core
[remote] registration; id=r101; address=localhost:59506; fingerprint=bi00clrmvbatnqiehic0
[r101] connected
[r101] added s100
log at /Users/abrahamdick/RailwayCabal/gmbh-testing-tool/gmbh/logs/c3-stdout.log
[r101] service started with pid=56303
[r101] added s102
log at /Users/abrahamdick/RailwayCabal/gmbh-testing-tool/gmbh/logs/c4-stdout.log
[r101] added s101
log at /Users/abrahamdick/RailwayCabal/gmbh-testing-tool/gmbh/logs/ws-stdout.log
[r101] service started with pid=56307
[r101] service started with pid=56308
[r101] [rpc] -> Request:"request.info.all" 
[r101] [rpc] -> Request:"request.info.all" 
[r101] [rpc] -> Request:"request.info.all" 
[r101] [rpc] -> Request:"request.info.all" 
[r101] [rpc] -> Request:"request.info.all" 
[r101] [rpc] -> Request:"gmbh.shutdown" 
[r101] sending graceful shutdown notices
[r101] [rpc] -> Request:"core.shutdown" 
[r101] removed 0/1 channels
[r101] [remote] Shutdown procedures started in remote from procm
[r101] disconnecting
[r101] sending shutdown to s101
[r101] sending shutdown to s100
[r101] sending shutdown to s102
[r101] sending notify to core
[r101] notice sent
[r101] [remote] shutdown, time=Mar  6 14:57:16
                      _                       
  _  ._ _  |_  |_|   |_)  _  ._ _   _ _|_  _  
 (_| | | | |_) | |   | \ (/_ | | | (_) |_ (/_ 
  _|                                          
[remote] started, time=Mar  6 14:57:36
[remote] remote is in managed mode; using sigusr2; ignoring sigusr1, sigint
[remote] attempting to connect to core
[remote] registration; id=r100; address=localhost:59504; fingerprint=bi038g3mvbau0p3n9jk0
[r100] connected
[r100] added s101
[r100] added s100
[r100] added s102
log at /Users/abrahamdick/RailwayCabal/gmbh-testing-tool/gmbh/logs/c3-stdout.log
log at /Users/abrahamdick/RailwayCabal/gmbh-testing-tool/gmbh/logs/ws-stdout.log
log at /Users/abrahamdick/RailwayCabal/gmbh-testing-tool/gmbh/logs/c4-stdout.log
[r100] service started with pid=57450
[r100] service started with pid=57452
[r100] service started with pid=57453
[r100] [rpc] -> Request:"request.info.all" 
[r100] [rpc] -> Request:"request.info.all" 
[r100] [rpc] -> Request:"request.info.all" 
[r100] [rpc] -> Request:"request.info.all" 
[r100] [rpc] -> Request:"gmbh.shutdown" 
[r100] sending graceful shutdown notices
[r100] [rpc] -> Request:"core.shutdown" 
[r100] removed 0/1 channels
[r100] [remote] Shutdown procedures started in remote from procm
[r100] disconnecting
[r100] sending shutdown to s100
[r100] sending shutdown to s101
[r100] sending shutdown to s102
[r100] sending notify to core
[r100] notice sent
[r100] [remote] shutdown, time=Mar  6 15:07:25
                      _                       
  _  ._ _  |_  |_|   |_)  _  ._ _   _ _|_  _  
 (_| | | | |_) | |   | \ (/_ | | | (_) |_ (/_ 
  _|                                          
[remote] started, time=Mar  6 15:07:37
[remote] remote is in managed mode; using sigusr2; ignoring sigusr1, sigint
[remote] attempting to connect to core
[remote] registration; id=r102; address=localhost:59508; fingerprint=bi03d6bmvbau23u9qtv0
[r102] connected
[r102] added s102
log at /Users/abrahamdick/RailwayCabal/gmbh-testing-tool/gmbh/logs/c3-stdout.log
[r102] added s100
[r102] added s101
log at /Users/abrahamdick/RailwayCabal/gmbh-testing-tool/gmbh/logs/c4-stdout.log
log at /Users/abrahamdick/RailwayCabal/gmbh-testing-tool/gmbh/logs/ws-stdout.log
[r102] service started with pid=57621
[r102] service started with pid=57622
[r102] service started with pid=57624
[r102] [rpc] -> Request:"gmbh.shutdown" 
[r102] sending graceful shutdown notices
[r102] [rpc] -> Request:"core.shutdown" 
[r102] removed 0/1 channels
[r102] [remote] Shutdown procedures started in remote from procm
[r102] disconnecting
[r102] sending shutdown to s100
[r102] sending shutdown to s101
[r102] sending shutdown to s102
[r102] sending notify to core
[r102] notice sent
[r102] [remote] shutdown, time=Mar  6 15:08:20
                      _                       
  _  ._ _  |_  |_|   |_)  _  ._ _   _ _|_  _  
 (_| | | | |_) | |   | \ (/_ | | | (_) |_ (/_ 
  _|                                          
[remote] started, time=Mar  6 15:08:32
[remote] remote is in managed mode; using sigusr2; ignoring sigusr1, sigint
[remote] attempting to connect to core
[remote] registration; id=r102; address=localhost:59508; fingerprint=bi03dk3mvbau2h737420
[r102] connected
[r102] added s101
log at /Users/abrahamdick/RailwayCabal/gmbh-testing-tool/gmbh/logs/c3-stdout.log
[r102] added s100
log at /Users/abrahamdick/RailwayCabal/gmbh-testing-tool/gmbh/logs/c4-stdout.log
[r102] added s102
log at /Users/abrahamdick/RailwayCabal/gmbh-testing-tool/gmbh/logs/ws-stdout.log
[r102] service started with pid=57673
[r102] service started with pid=57676
[r102] service started with pid=57678
[r102] [rpc] -> Request:"gmbh.shutdown" 
[r102] sending graceful shutdown notices
[r102] [rpc] -> Request:"core.shutdown" 
[r102] removed 0/1 channels
[r102] [remote] Shutdown procedures started in remote from procm
[r102] disconnecting
[r102] sending shutdown to s100
[r102] sending shutdown to s101
[r102] sending shutdown to s102
[r102] sending notify to core
[r102] notice sent
[r102] [remote] shutdown, time=Mar  6 16:28:41
                      _                       
  _  ._ _  |_  |_|   |_)  _  ._ _   _ _|_  _  
 (_| | | | |_) | |   | \ (/_ | | | (_) |_ (/_ 
  _|                                          
[remote] started, time=Mar  6 16:39:02
[remote] remote is in managed mode; using sigusr2; ignoring sigusr1, sigint
[remote] attempting to connect to core
[remote] registration; id=r100; address=localhost:59504; fingerprint=bi04o1jmvbau5re9mpeg
[r100] connected
[r100] added s102
[r100] added s101
log at /Users/abrahamdick/RailwayCabal/gmbh-testing-tool/gmbh/logs/ws-stdout.log
[r100] added s100
log at /Users/abrahamdick/RailwayCabal/gmbh-testing-tool/gmbh/logs/c3-stdout.log
log at /Users/abrahamdick/RailwayCabal/gmbh-testing-tool/gmbh/logs/c4-stdout.log
[r100] service started with pid=58097
[r100] service started with pid=58101
[r100] service started with pid=58103
[r100] [rpc] -> Request:"core.shutdown" 
[r100] removed 0/1 channels
[r100] [remote] Shutdown procedures started in remote from procm
[r100] disconnecting
[r100] sending shutdown to s102
[r100] sending shutdown to s101
[r100] sending shutdown to s100
[r100] sending notify to core
[r100] notice sent
[r100] [remote] shutdown, time=Mar  6 16:50:45
                      _                       
  _  ._ _  |_  |_|   |_)  _  ._ _   _ _|_  _  
 (_| | | | |_) | |   | \ (/_ | | | (_) |_ (/_ 
  _|                                          
[remote] started, time=Mar 18 09:47:55
[remote] remote is in managed mode; using sigusr2; ignoring sigusr1, sigint
[remote] attempting to connect to core
[remote] registration; id=r102; address=localhost:59508; fingerprint=bi7qv6rmvbaghkqedkv0
[r102] connected
[r102] added s100
[r102] added s102
log at /Users/abrahamdick/RailwayCabal/gmbh-testing-tool/gmbh/logs/c4-stdout.log
log at /Users/abrahamdick/RailwayCabal/gmbh-testing-tool/gmbh/logs/c3-stdout.log
[r102] added s101
log at /Users/abrahamdick/RailwayCabal/gmbh-testing-tool/gmbh/logs/ws-stdout.log
[r102] service started with pid=2266
[r102] service started with pid=2265
[r102] service started with pid=2268
[r102] [rpc] -> Request:"request.info.all" 
[r102] [rpc] -> Request:"request.info.all" 
[r102] [rpc] -> Request:"request.info.all" 
[r102] [rpc] -> Request:"request.info.all" 
[r102] [rpc] -> Request:"request.info.all" 
[r102] [rpc] -> Request:"gmbh.shutdown" 
[r102] sending graceful shutdown notices
[r102] [rpc] -> Request:"core.shutdown" 
[r102] removed 0/1 channels
[r102] [remote] Shutdown procedures started in remote from procm
[r102] disconnecting
[r102] sending shutdown to s102
[r102] sending shutdown to s101
[r102] sending shutdown to s100
[r102] sending notify to core
[r102] notice sent
[r102] [remote] shutdown, time=Mar 18 09:49:55
                      _                       
  _  ._ _  |_  |_|   |_)  _  ._ _   _ _|_  _  
 (_| | | | |_) | |   | \ (/_ | | | (_) |_ (/_ 
  _|                                          
[remote] started, time=Mar 18 10:43:01
[remote] remote is in managed mode; using sigusr2; ignoring sigusr1, sigint
[remote] attempting to connect to core
[remote] registration; id=r102; address=localhost:59508; fingerprint=bi7rp1bmvbaicg33vhag
[r102] connected
[r102] added s102
[r102] added s100
log at /Users/abrahamdick/RailwayCabal/gmbh-testing-tool/gmbh/logs/ws-stdout.log
log at /Users/abrahamdick/RailwayCabal/gmbh-testing-tool/gmbh/logs/c4-stdout.log
[r102] added s101
log at /Users/abrahamdick/RailwayCabal/gmbh-testing-tool/gmbh/logs/c3-stdout.log
[r102] service started with pid=9799
[r102] service started with pid=9800
[r102] service started with pid=9797
[r102] [rpc] -> Request:"request.info.all" 
[r102] [rpc] -> Request:"service.restart.all" 
[r102] sending restart to s101
[r102] Pid=9991
[r102] sending restart to s102
[r102] Pid=9993
[r102] sending restart to s100
[r102] [rpc] -> Request:"request.info.all" 
[r102] Pid=9996
[r102] [rpc] -> Request:"request.info.all" 
[r102] [rpc] -> Request:"request.info.all" 
[r102] [rpc] -> Request:"request.info.all" 
[r102] [rpc] -> Request:"request.info.all" 
[r102] [rpc] -> Request:"request.info.all" 
[r102] [rpc] -> Request:"request.info.all" 
[r102] [rpc] -> Request:"service.restart.all" 
[r102] sending restart to s100
[r102] Pid=10619
[r102] sending restart to s101
[r102] [rpc] -> Request:"request.info.all" 
[r102] Pid=10620
[r102] sending restart to s102
[r102] Pid=10622
[r102] [rpc] -> Request:"request.info.all" 
[r102] [rpc] -> Request:"request.info.all" 
[r102] [rpc] -> Request:"request.info.all" 
[r102] [rpc] -> Request:"request.info.all" 
[r102] [rpc] -> Request:"request.info.all" 
[r102] [rpc] -> Request:"core.shutdown" 
[r102] removed 0/1 channels
[r102] [remote] Shutdown procedures started in remote from procm
[r102] disconnecting
[r102] sending shutdown to s100
[r102] sending shutdown to s101
[r102] sending shutdown to s102
[r102] sending notify to core
[r102] notice sent
[r102] [remote] shutdown, time=Mar 18 11:06:21
                      _                       
  _  ._ _  |_  |_|   |_)  _  ._ _   _ _|_  _  
 (_| | | | |_) | |   | \ (/_ | | | (_) |_ (/_ 
  _|                                          
[remote] started, time=Mar 18 12:09:05
[remote] remote is in managed mode; using sigusr2; ignoring sigusr1, sigint
[remote] attempting to connect to core
[remote] registration; id=r101; address=localhost:59506; fingerprint=bi7t1cbmvbakimej7i70
[r101] connected
[r101] added s102
log at /Users/abrahamdick/RailwayCabal/gmbh-testing-tool/gmbh/logs/c4-stdout.log
[r101] added s101
log at /Users/abrahamdick/RailwayCabal/gmbh-testing-tool/gmbh/logs/ws-stdout.log
[r101] added s100
log at /Users/abrahamdick/RailwayCabal/gmbh-testing-tool/gmbh/logs/c3-stdout.log
[r101] service started with pid=18784
[r101] service started with pid=18786
[r101] service started with pid=18782
[r101] [rpc] -> Request:"request.info.all" 
[r101] [rpc] -> Request:"request.info.all" 
[r101] [rpc] -> Request:"request.info.all" 
[r101] [rpc] -> Request:"service.restart.all" 
[r101] sending restart to s102
[r101] Pid=19790
[r101] sending restart to s100
[r101] Pid=19793
[r101] sending restart to s101
[r101] [rpc] -> Request:"request.info.all" 
[r101] Pid=19795
[r101] [rpc] -> Request:"request.info.all" 
[r101] [rpc] -> Request:"request.info.all" 
[r101] [rpc] -> Request:"request.info.all" 
[r101] [rpc] -> Request:"request.info.all" 
[r101] [rpc] -> Request:"request.info.all" 
[r101] [rpc] -> Request:"request.info.all" 
[r101] [rpc] -> Request:"request.info.all" 
[r101] [rpc] -> Request:"request.info.all" 
[r101] [rpc] -> Request:"request.info.all" 
[r101] [rpc] -> Request:"request.info.all" 
[r101] [rpc] -> Request:"request.info.all" 
[r101] [rpc] -> Request:"request.info.all" 
[r101] [rpc] -> Request:"request.info.all" 
[r101] [rpc] -> Request:"request.info.all" 
[r101] [rpc] -> Request:"request.info.all" 
[r101] [rpc] -> Request:"request.info.all" 
[r101] [rpc] -> Request:"request.info.all" 
[r101] [rpc] -> Request:"request.info.all" 
[r101] [rpc] -> Request:"request.info.all" 
[r101] [rpc] -> Request:"request.info.all" 
[r101] [rpc] -> Request:"request.info.all" 
[r101] [rpc] -> Request:"request.info.all" 
[r101] [rpc] -> Request:"request.info.all" 
[r101] [rpc] -> Request:"request.info.all" 
[r101] [rpc] -> Request:"request.info.all" 
[r101] [rpc] -> Request:"request.info.all" 
[r101] [rpc] -> Request:"request.info.all" 
[r101] [rpc] -> Request:"request.info.all" 
[r101] [rpc] -> Request:"gmbh.shutdown" 
[r101] sending graceful shutdown notices
[r101] [rpc] -> Request:"core.shutdown" 
[r101] removed 0/1 channels
[r101] [remote] Shutdown procedures started in remote from procm
[r101] disconnecting
[r101] sending shutdown to s100
[r101] sending shutdown to s101
[r101] sending shutdown to s102
[r101] sending notify to core
[r101] notice sent
[r101] [remote] shutdown, time=Mar 18 12:37:20
                      _                       
  _  ._ _  |_  |_|   |_)  _  ._ _   _ _|_  _  
 (_| | | | |_) | |   | \ (/_ | | | (_) |_ (/_ 
  _|                                          
[remote] started, time=Mar 18 12:37:35
[remote] remote is in managed mode; using sigusr2; ignoring sigusr1, sigint
[remote] attempting to connect to core
[remote] registration; id=r101; address=localhost:59506; fingerprint=bi7tenrmvbal8c4e3so0
[r101] connected
[r101] added s100
[r101] added s101
log at /Users/abrahamdick/RailwayCabal/gmbh-testing-tool/gmbh/logs/ws-stdout.log
log at /Users/abrahamdick/RailwayCabal/gmbh-testing-tool/gmbh/logs/c4-stdout.log
[r101] added s102
log at /Users/abrahamdick/RailwayCabal/gmbh-testing-tool/gmbh/logs/c3-stdout.log
[r101] service started with pid=21558
[r101] service started with pid=21559
[r101] service started with pid=21561
[r101] [rpc] -> Request:"request.info.all" 
[r101] [rpc] -> Request:"request.info.all" 
[r101] [rpc] -> Request:"request.info.all" 
[r101] [rpc] -> Request:"request.info.all" 
[r101] [rpc] -> Request:"gmbh.shutdown" 
[r101] sending graceful shutdown notices
[r101] [rpc] -> Request:"core.shutdown" 
[r101] removed 0/1 channels
[r101] [remote] Shutdown procedures started in remote from procm
[r101] disconnecting
[r101] sending shutdown to s100
[r101] sending shutdown to s101
[r101] sending shutdown to s102
[r101] sending notify to core
[r101] notice sent
[r101] [remote] shutdown, time=Mar 18 12:47:19
                      _                       
  _  ._ _  |_  |_|   |_)  _  ._ _   _ _|_  _  
 (_| | | | |_) | |   | \ (/_ | | | (_) |_ (/_ 
  _|                                          
[remote] started, time=Mar 18 12:47:34
[remote] remote is in managed mode; using sigusr2; ignoring sigusr1, sigint
[remote] attempting to connect to core
[remote] registration; id=r101; address=localhost:59506; fingerprint=bi7tjdjmvbalnhem8ls0
[r101] connected
[r101] added s101
[r101] added s102
log at /Users/abrahamdick/RailwayCabal/gmbh-testing-tool/gmbh/logs/c3-stdout.log
log at /Users/abrahamdick/RailwayCabal/gmbh-testing-tool/gmbh/logs/ws-stdout.log
[r101] added s100
log at /Users/abrahamdick/RailwayCabal/gmbh-testing-tool/gmbh/logs/c4-stdout.log
[r101] service started with pid=23500
[r101] service started with pid=23498
[r101] service started with pid=23502
[r101] [rpc] -> Request:"request.info.all" 
[r101] [rpc] -> Request:"request.info.all" 
[r101] [rpc] -> Request:"request.info.all" 
[r101] [rpc] -> Request:"request.info.all" 
[r101] [rpc] -> Request:"request.info.all" 
[r101] [rpc] -> Request:"request.info.all" 
[r101] [rpc] -> Request:"request.info.all" 
[r101] [rpc] -> Request:"request.info.all" 
[r101] [rpc] -> Request:"request.info.all" 
[r101] [rpc] -> Request:"request.info.all" 
[r101] [rpc] -> Request:"request.info.all" 
[r101] [rpc] -> Request:"request.info.all" 
[r101] [rpc] -> Request:"gmbh.shutdown" 
[r101] sending graceful shutdown notices
[r101] [rpc] -> Request:"core.shutdown" 
[r101] removed 0/1 channels
[r101] [remote] Shutdown procedures started in remote from procm
[r101] disconnecting
[r101] sending shutdown to s100
[r101] sending shutdown to s102
[r101] sending shutdown to s101
[r101] sending notify to core
[r101] notice sent
[r101] [remote] shutdown, time=Mar 18 12:55:19
                      _                       
  _  ._ _  |_  |_|   |_)  _  ._ _   _ _|_  _  
 (_| | | | |_) | |   | \ (/_ | | | (_) |_ (/_ 
  _|                                          
[remote] started, time=Mar 18 12:55:29
[remote] remote is in managed mode; using sigusr2; ignoring sigusr1, sigint
[remote] attempting to connect to core
[remote] registration; id=r102; address=localhost:59508; fingerprint=bi7tn4bmvbalusk64phg
[r102] connected
[r102] added s100
[r102] added s101
log at /Users/abrahamdick/RailwayCabal/gmbh-testing-tool/gmbh/logs/c3-stdout.log
[r102] added s102
log at /Users/abrahamdick/RailwayCabal/gmbh-testing-tool/gmbh/logs/c4-stdout.log
log at /Users/abrahamdick/RailwayCabal/gmbh-testing-tool/gmbh/logs/ws-stdout.log
[r102] service started with pid=24439
[r102] service started with pid=24444
[r102] service started with pid=24443
[r102] [rpc] -> Request:"request.info.all" 
[r102] [rpc] -> Request:"request.info.all" 
[r102] [rpc] -> Request:"request.info.all" 
[r102] [rpc] -> Request:"request.info.all" 
[r102] [rpc] -> Request:"gmbh.shutdown" 
[r102] sending graceful shutdown notices
[r102] [rpc] -> Request:"core.shutdown" 
[r102] removed 0/1 channels
[r102] [remote] Shutdown procedures started in remote from procm
[r102] disconnecting
[r102] sending shutdown to s101
[r102] sending shutdown to s100
[r102] sending shutdown to s102
[r102] sending notify to core
[r102] notice sent
[r102] [remote] shutdown, time=Mar 18 12:59:44
                      _                       
  _  ._ _  |_  |_|   |_)  _  ._ _   _ _|_  _  
 (_| | | | |_) | |   | \ (/_ | | | (_) |_ (/_ 
  _|                                          
[remote] started, time=Mar 18 13:02:45
[remote] remote is in managed mode; using sigusr2; ignoring sigusr1, sigint
[remote] attempting to connect to core
[remote] registration; id=r102; address=localhost:59508; fingerprint=bi7tqhbmvbam8nn41950
[r102] connected
[r102] added s100
[r102] added s102
[r102] added s101
log at /Users/abrahamdick/RailwayCabal/gmbh-testing-tool/gmbh/logs/c4-stdout.log
log at /Users/abrahamdick/RailwayCabal/gmbh-testing-tool/gmbh/logs/ws-stdout.log
log at /Users/abrahamdick/RailwayCabal/gmbh-testing-tool/gmbh/logs/c3-stdout.log
[r102] service started with pid=25702
[r102] service started with pid=25703
[r102] service started with pid=25704
[r102] [rpc] -> Request:"request.info.all" 
[r102] [rpc] -> Request:"request.info.all" 
[r102] [rpc] -> Request:"request.info.all" 
[r102] [rpc] -> Request:"request.info.all" 
[r102] [rpc] -> Request:"request.info.all" 
[r102] [rpc] -> Request:"request.info.all" 
[r102] [rpc] -> Request:"request.info.all" 
[r102] [rpc] -> Request:"request.info.all" 
[r102] [rpc] -> Request:"gmbh.shutdown" 
[r102] sending graceful shutdown notices
[r102] [rpc] -> Request:"core.shutdown" 
[r102] removed 0/1 channels
[r102] [remote] Shutdown procedures started in remote from procm
[r102] disconnecting
[r102] sending shutdown to s100
[r102] sending shutdown to s101
[r102] sending shutdown to s102
[r102] sending notify to core
[r102] notice sent
[r102] [remote] shutdown, time=Mar 18 13:03:15
                      _                       
  _  ._ _  |_  |_|   |_)  _  ._ _   _ _|_  _  
 (_| | | | |_) | |   | \ (/_ | | | (_) |_ (/_ 
  _|                                          
[remote] started, time=Mar 18 13:03:25
[remote] remote is in managed mode; using sigusr2; ignoring sigusr1, sigint
[remote] attempting to connect to core
[remote] registration; id=r102; address=localhost:59508; fingerprint=bi7tqrbmvbambp5mhlsg
[r102] connected
[r102] added s100
log at /Users/abrahamdick/RailwayCabal/gmbh-testing-tool/gmbh/logs/c3-stdout.log
[r102] added s101
[r102] added s102
log at /Users/abrahamdick/RailwayCabal/gmbh-testing-tool/gmbh/logs/c4-stdout.log
log at /Users/abrahamdick/RailwayCabal/gmbh-testing-tool/gmbh/logs/ws-stdout.log
[r102] service started with pid=26090
[r102] service started with pid=26093
[r102] service started with pid=26094
[r102] [rpc] -> Request:"request.info.all" 
[r102] [rpc] -> Request:"request.info.all" 
[r102] [rpc] -> Request:"request.info.all" 
[r102] [rpc] -> Request:"service.restart.all" 
[r102] sending restart to s100
[r102] Pid=26331
[r102] sending restart to s101
[r102] Pid=26333
[r102] sending restart to s102
[r102] Pid=26335
[r102] [rpc] -> Request:"request.info.all" 
[r102] [rpc] -> Request:"service.restart.all" 
[r102] sending restart to s102
[r102] Pid=26995
[r102] sending restart to s100
[r102] Pid=26998
[r102] sending restart to s101
[r102] Pid=27000
[r102] [rpc] -> Request:"request.info.all" 
[r102] [rpc] -> Request:"request.info.all" 
[r102] [rpc] -> Request:"service.restart.all" 
[r102] sending restart to s100
[r102] Pid=27180
[r102] sending restart to s101
[r102] Pid=27183
[r102] sending restart to s102
[r102] Pid=27184
[r102] [rpc] -> Request:"request.info.all" 
[r102] [rpc] -> Request:"request.info.all" 
[r102] [rpc] -> Request:"request.info.all" 
[r102] [rpc] -> Request:"request.info.all" 
[r102] [rpc] -> Request:"gmbh.shutdown" 
[r102] sending graceful shutdown notices
[r102] [rpc] -> Request:"core.shutdown" 
[r102] removed 0/1 channels
[r102] [remote] Shutdown procedures started in remote from procm
[r102] disconnecting
[r102] sending shutdown to s100
[r102] sending shutdown to s101
[r102] sending shutdown to s102
[r102] sending notify to core
[r102] notice sent
[r102] [remote] shutdown, time=Mar 18 16:09:20
                      _                       
  _  ._ _  |_  |_|   |_)  _  ._ _   _ _|_  _  
 (_| | | | |_) | |   | \ (/_ | | | (_) |_ (/_ 
  _|                                          
[remote] started, time=Mar 18 16:09:30
[remote] remote is in managed mode; using sigusr2; ignoring sigusr1, sigint
[remote] attempting to connect to core
[remote] registration; id=r102; address=localhost:59508; fingerprint=bi80i2jmvbamvtenicrg
[r102] connected
[r102] added s100
[r102] added s102
[r102] added s101
log at /Users/abrahamdick/RailwayCabal/gmbh-testing-tool/gmbh/logs/c3-stdout.log
log at /Users/abrahamdick/RailwayCabal/gmbh-testing-tool/gmbh/logs/ws-stdout.log
log at /Users/abrahamdick/RailwayCabal/gmbh-testing-tool/gmbh/logs/c4-stdout.log
[r102] service started with pid=28667
[r102] service started with pid=28669
[r102] service started with pid=28670
[r102] [rpc] -> Request:"request.info.all" 
[r102] [rpc] -> Request:"request.info.all" 
[r102] [rpc] -> Request:"request.info.all" 
[r102] [rpc] -> Request:"request.info.all" 
[r102] [rpc] -> Request:"service.restart.all" 
[r102] sending restart to s100
[r102] Pid=29491
[r102] sending restart to s102
[r102] [rpc] -> Request:"request.info.all" 
[r102] Pid=29492
[r102] sending restart to s101
[r102] [rpc] -> Request:"request.info.all" 
[r102] Pid=29493
[r102] [rpc] -> Request:"request.info.all" 
[r102] [rpc] -> Request:"request.info.all" 
[r102] [rpc] -> Request:"request.info.all" 
[r102] [rpc] -> Request:"request.info.all" 
[r102] [rpc] -> Request:"core.shutdown" 
[r102] removed 0/1 channels
[r102] [remote] Shutdown procedures started in remote from procm
[r102] disconnecting
[r102] sending shutdown to s100
[r102] sending shutdown to s102
[r102] sending shutdown to s101
[r102] sending notify to core
[r102] notice sent
[r102] [remote] shutdown, time=Mar 18 18:30:03
                      _                       
  _  ._ _  |_  |_|   |_)  _  ._ _   _ _|_  _  
 (_| | | | |_) | |   | \ (/_ | | | (_) |_ (/_ 
  _|                                          
[remote] started, time=Mar 18 18:31:16
[remote] remote is in managed mode; using sigusr2; ignoring sigusr1, sigint
[remote] attempting to connect to core
[remote] registration; id=r102; address=localhost:59508; fingerprint=bi82kh3mvban6knc87pg
[r102] connected
[r102] added s100
[r102] added s101
log at /Users/abrahamdick/RailwayCabal/gmbh-testing-tool/gmbh/logs/c3-stdout.log
log at /Users/abrahamdick/RailwayCabal/gmbh-testing-tool/gmbh/logs/c4-stdout.log
[r102] added s102
log at /Users/abrahamdick/RailwayCabal/gmbh-testing-tool/gmbh/logs/ws-stdout.log
[r102] service started with pid=29529
[r102] service started with pid=29528
[r102] service started with pid=29531
[r102] [rpc] -> Request:"request.info.all" 
[r102] [rpc] -> Request:"gmbh.shutdown" 
[r102] sending graceful shutdown notices
[r102] [rpc] -> Request:"core.shutdown" 
[r102] removed 0/1 channels
[r102] [remote] Shutdown procedures started in remote from procm
[r102] disconnecting
[r102] sending shutdown to s100
[r102] sending shutdown to s101
[r102] sending shutdown to s102
[r102] sending notify to core
[r102] notice sent
[r102] [remote] shutdown, time=Mar 18 21:25:25
                      _                       
  _  ._ _  |_  |_|   |_)  _  ._ _   _ _|_  _  
 (_| | | | |_) | |   | \ (/_ | | | (_) |_ (/_ 
  _|                                          
[remote] started, time=Mar 20 13:20:11
[remote] remote is in managed mode; using sigusr2; ignoring sigusr1, sigint
[remote] attempting to connect to core
[remote] registration; id=r102; address=localhost:59508; fingerprint=bi988mrmvbai97gbpk4g
[r102] connected
[r102] added s101
log at /Users/abrahamdick/RailwayCabal/gmbh-testing-tool/gmbh/logs/c4-stdout.log
[r102] added s102
[r102] added s100
log at /Users/abrahamdick/RailwayCabal/gmbh-testing-tool/gmbh/logs/c3-stdout.log
log at /Users/abrahamdick/RailwayCabal/gmbh-testing-tool/gmbh/logs/ws-stdout.log
[r102] service started with pid=9382
[r102] service started with pid=9383
[r102] service started with pid=9384
[r102] [rpc] -> Request:"request.info.all" 
[r102] [rpc] -> Request:"gmbh.shutdown" 
[r102] sending graceful shutdown notices
[r102] [rpc] -> Request:"core.shutdown" 
[r102] removed 0/1 channels
[r102] [remote] Shutdown procedures started in remote from procm
[r102] disconnecting
[r102] sending shutdown to s101
[r102] sending shutdown to s100
[r102] sending shutdown to s102
[r102] sending notify to core
[r102] notice sent
[r102] [remote] shutdown, time=Mar 20 13:49:15
                      _                       
  _  ._ _  |_  |_|   |_)  _  ._ _   _ _|_  _  
 (_| | | | |_) | |   | \ (/_ | | | (_) |_ (/_ 
  _|                                          
[remote] started, time=Mar 20 15:00:00
[remote] remote is in managed mode; using sigusr2; ignoring sigusr1, sigint
[remote] attempting to connect to core
[remote] registration; id=r100; address=localhost:59504; fingerprint=bi99ng3mvbak8srb86vg
[r100] connected
[r100] added s101
[r100] added s100
log at /Users/abrahamdick/RailwayCabal/gmbh-testing-tool/gmbh/logs/c3-stdout.log
log at /Users/abrahamdick/RailwayCabal/gmbh-testing-tool/gmbh/logs/ws-stdout.log
[r100] added s102
log at /Users/abrahamdick/RailwayCabal/gmbh-testing-tool/gmbh/logs/c4-stdout.log
[r100] service started with pid=17528
[r100] service started with pid=17530
[r100] service started with pid=17531
[r100] [rpc] -> Request:"gmbh.shutdown" 
[r100] sending graceful shutdown notices
[r100] [rpc] -> Request:"core.shutdown" 
[r100] removed 0/1 channels
[r100] [remote] Shutdown procedures started in remote from procm
[r100] disconnecting
[r100] sending shutdown to s100
[r100] sending shutdown to s102
[r100] sending shutdown to s101
[r100] sending notify to core
[r100] notice sent
[r100] [remote] shutdown, time=Mar 20 15:00:31
                      _                       
  _  ._ _  |_  |_|   |_)  _  ._ _   _ _|_  _  
 (_| | | | |_) | |   | \ (/_ | | | (_) |_ (/_ 
  _|                                          
[remote] started, time=Mar 20 15:38:21
[remote] remote is in managed mode; using sigusr2; ignoring sigusr1, sigint
[remote] attempting to connect to core
[remote] registration; id=r101; address=localhost:59506; fingerprint=bi9a9fbmvbakrd5128ng
[r101] connected
[r101] added s100
log at /Users/abrahamdick/RailwayCabal/gmbh-testing-tool/gmbh/logs/c4-stdout.log
[r101] added s102
log at /Users/abrahamdick/RailwayCabal/gmbh-testing-tool/gmbh/logs/c3-stdout.log
[r101] added s101
log at /Users/abrahamdick/RailwayCabal/gmbh-testing-tool/gmbh/logs/ws-stdout.log
[r101] service started with pid=19919
[r101] service started with pid=19924
[r101] service started with pid=19922
[r101] [rpc] -> Request:"gmbh.shutdown" 
[r101] sending graceful shutdown notices
[r101] [rpc] -> Request:"core.shutdown" 
[r101] removed 0/1 channels
[r101] [remote] Shutdown procedures started in remote from procm
[r101] disconnecting
[r101] sending shutdown to s100
[r101] sending shutdown to s101
[r101] sending shutdown to s102
[r101] sending notify to core
[r101] notice sent
[r101] [remote] shutdown, time=Mar 20 15:39:04
                      _                       
  _  ._ _  |_  |_|   |_)  _  ._ _   _ _|_  _  
 (_| | | | |_) | |   | \ (/_ | | | (_) |_ (/_ 
  _|                                          
[remote] started, time=Mar 21 10:27:05
[remote] remote is in managed mode; using sigusr2; ignoring sigusr1, sigint
[remote] attempting to connect to core @ localhost:49500
[remote] registration; id=r102; address=localhost:59508; fingerprint=bi9qqibmvband3petklg
[r102] connected
[r102] added s101
[r102] added s100
log at /Users/abrahamdick/RailwayCabal/gmbh-testing-tool/gmbh/logs/c4-stdout.log
log at /Users/abrahamdick/RailwayCabal/gmbh-testing-tool/gmbh/logs/c3-stdout.log
[r102] added s102
log at /Users/abrahamdick/RailwayCabal/gmbh-testing-tool/gmbh/logs/ws-stdout.log
[r102] service started with pid=30358
[r102] service started with pid=30356
[r102] service started with pid=30357
[r102] [rpc] -> Request:"gmbh.shutdown" 
[r102] sending graceful shutdown notices
[r102] [rpc] -> Request:"core.shutdown" 
[r102] removed 0/1 channels
[r102] [remote] Shutdown procedures started in remote from procm
[r102] disconnecting
[r102] sending shutdown to s100
[r102] sending shutdown to s101
[r102] sending shutdown to s102
[r102] sending notify to core
[r102] notice sent
[r102] [remote] shutdown, time=Mar 21 10:27:13
                      _                       
  _  ._ _  |_  |_|   |_)  _  ._ _   _ _|_  _  
 (_| | | | |_) | |   | \ (/_ | | | (_) |_ (/_ 
  _|                                          
[remote] started, time=Mar 21 10:29:18
[remote] remote is in managed mode; using sigusr2; ignoring sigusr1, sigint
[remote] attempting to connect to core @ localhost:49500
[remote] registration; id=r102; address=localhost:59508; fingerprint=bi9qrjjmvbanh3kmb2b0
[r102] connected
[r102] added s101
[r102] added s102
log at /Users/abrahamdick/RailwayCabal/gmbh-testing-tool/gmbh/logs/c4-stdout.log
[r102] added s100
log at /Users/abrahamdick/RailwayCabal/gmbh-testing-tool/gmbh/logs/ws-stdout.log
log at /Users/abrahamdick/RailwayCabal/gmbh-testing-tool/gmbh/logs/c3-stdout.log
[r102] service started with pid=30867
[r102] service started with pid=30871
[r102] service started with pid=30869
[r102] [rpc] -> Request:"gmbh.shutdown" 
[r102] sending graceful shutdown notices
[r102] [rpc] -> Request:"core.shutdown" 
[r102] removed 0/1 channels
[r102] [remote] Shutdown procedures started in remote from procm
[r102] disconnecting
[r102] sending shutdown to s100
[r102] sending shutdown to s101
[r102] sending shutdown to s102
[r102] sending notify to core
[r102] notice sent
[r102] [remote] shutdown, time=Mar 21 10:29:25
                      _                       
  _  ._ _  |_  |_|   |_)  _  ._ _   _ _|_  _  
 (_| | | | |_) | |   | \ (/_ | | | (_) |_ (/_ 
  _|                                          
[remote] started, time=Mar 21 10:29:39
[remote] remote is in managed mode; using sigusr2; ignoring sigusr1, sigint
[remote] attempting to connect to core @ localhost:49500
[remote] registration; id=r102; address=localhost:59508; fingerprint=bi9qrormvbaniiakvre0
[r102] connected
[r102] added s100
log at /Users/abrahamdick/RailwayCabal/gmbh-testing-tool/gmbh/logs/c3-stdout.log
[r102] added s101
log at /Users/abrahamdick/RailwayCabal/gmbh-testing-tool/gmbh/logs/c4-stdout.log
[r102] added s102
log at /Users/abrahamdick/RailwayCabal/gmbh-testing-tool/gmbh/logs/ws-stdout.log
[r102] service started with pid=31059
[r102] service started with pid=31055
[r102] service started with pid=31058
[r102] [rpc] -> Request:"gmbh.shutdown" 
[r102] sending graceful shutdown notices
[r102] [rpc] -> Request:"core.shutdown" 
[r102] removed 0/1 channels
[r102] [remote] Shutdown procedures started in remote from procm
[r102] disconnecting
[r102] sending shutdown to s100
[r102] sending shutdown to s101
[r102] sending shutdown to s102
[r102] sending notify to core
[r102] notice sent
[r102] [remote] shutdown, time=Mar 21 10:29:48
                      _                       
  _  ._ _  |_  |_|   |_)  _  ._ _   _ _|_  _  
 (_| | | | |_) | |   | \ (/_ | | | (_) |_ (/_ 
  _|                                          
[remote] started, time=Mar 21 10:31:01
[remote] remote is in managed mode; using sigusr2; ignoring sigusr1, sigint
[remote] attempting to connect to core @ localhost:59500
[remote] registration; id=r102; address=localhost:59508; fingerprint=bi9qsdbmvbanki0oj0mg
[r102] connected
[r102] added s101
log at /Users/abrahamdick/RailwayCabal/gmbh-testing-tool/gmbh/logs/c3-stdout.log
[r102] added s100
log at /Users/abrahamdick/RailwayCabal/gmbh-testing-tool/gmbh/logs/ws-stdout.log
[r102] added s102
log at /Users/abrahamdick/RailwayCabal/gmbh-testing-tool/gmbh/logs/c4-stdout.log
[r102] service started with pid=31313
[r102] service started with pid=31314
[r102] service started with pid=31310
[r102] <- pong error=verification.error
[r102] connection to core reporting failure
[r102] attempting to reconneced
[r102] attempting to connect to core @ localhost:59500
[r102] registration; id=r103; address=localhost:59510; fingerprint=bi9qtrjss3kfi6j5mgo0
[r103] connected
[r103] <- pong error=verification.error
[r103] connection to core reporting failure
[r103] attempting to reconneced
[r103] attempting to connect to core @ localhost:59500
[r103] registration; id=r102; address=localhost:59508; fingerprint=bi9qu83ss3kfi6m7mmvg
[r102] connected
[r102] <- pong error=verification.error
[r102] connection to core reporting failure
[r102] attempting to reconneced
[r102] attempting to connect to core @ localhost:59500
[r102] registration; id=r104; address=localhost:59512; fingerprint=bi9qukjmvbanki0oj0ng
[r104] connected
[r104] [rpc] -> Request:"gmbh.shutdown" 
[r104] sending graceful shutdown notices
[r104] [rpc] -> Request:"core.shutdown" 
[r104] removed 0/4 channels
[r104] [remote] Shutdown procedures started in remote from procm
[r104] disconnecting
[r104] sending shutdown to s101
[r104] sending shutdown to s100
[r104] sending shutdown to s102
[r104] sending notify to core
[r104] notice sent
[r104] [remote] shutdown, time=Mar 21 10:45:00
                      _                       
  _  ._ _  |_  |_|   |_)  _  ._ _   _ _|_  _  
 (_| | | | |_) | |   | \ (/_ | | | (_) |_ (/_ 
  _|                                          
[remote] started, time=Mar 21 12:08:25
[remote] env=; ProcmAddress=localhost:59500; hostname=localhost
[remote] remote is in managed mode; using sigusr2; ignoring sigusr1, sigint
[remote] attempting to connect to core @ localhost:59500
[remote] registration; id=r101; address=localhost:59506; fingerprint=bi9sa2bmvbaq37pee44g
[r101] connected
[r101] added s100
log at /Users/abrahamdick/RailwayCabal/gmbh-testing-tool/gmbh/logs/c3-stdout.log
[r101] added s101
log at /Users/abrahamdick/RailwayCabal/gmbh-testing-tool/gmbh/logs/c2-stdout.log
[r101] service started with pid=41386
[r101] service started with pid=41382
[r101] [rpc] -> Request:"gmbh.shutdown" 
[r101] sending graceful shutdown notices
[r101] [rpc] -> Request:"core.shutdown" 
[r101] removed 0/1 channels
[r101] [remote] Shutdown procedures started in remote from procm
[r101] disconnecting
[r101] sending shutdown to s100
[r101] sending shutdown to s101
[r101] sending notify to core
[r101] notice sent
[r101] [remote] shutdown, time=Mar 21 12:14:13
                      _                       
  _  ._ _  |_  |_|   |_)  _  ._ _   _ _|_  _  
 (_| | | | |_) | |   | \ (/_ | | | (_) |_ (/_ 
  _|                                          
[remote] started, time=Mar 21 16:22:07
[remote] env=; ProcmAddress=localhost:59500; hostname=localhost
[remote] remote is in managed mode; using sigusr2; ignoring sigusr1, sigint
[remote] attempting to connect to core @ localhost:59500
[remote] registration; id=r100; address=localhost:59504; fingerprint=bia00vrmvbaqhtuvff60
[r100] connected
[r100] [rpc] -> Request:"gmbh.shutdown" 
[r100] sending graceful shutdown notices
[r100] added s100
[r100] added s101
log at /Users/abrahamdick/RailwayCabal/gmbh-testing-tool/gmbh/logs/ws-stdout.log
log at /Users/abrahamdick/RailwayCabal/gmbh-testing-tool/gmbh/logs/c3-stdout.log
[r100] added s102
log at /Users/abrahamdick/RailwayCabal/gmbh-testing-tool/gmbh/logs/c4-stdout.log
[r100] service started with pid=43261
[r100] service started with pid=43262
[r100] service started with pid=43264
[r100] [rpc] -> Request:"core.shutdown" 
[r100] removed 0/1 channels
[r100] [remote] Shutdown procedures started in remote from procm
[r100] disconnecting
[r100] sending shutdown to s100
[r100] sending shutdown to s101
[r100] sending shutdown to s102
[r100] sending notify to core
[r100] notice sent
[r100] [remote] shutdown, time=Mar 21 16:22:11
