                    _                 
  _  ._ _  |_  |_| |_) ._ _   _ |\/| 
 (_| | | | |_) | | |   | (_) (_ |  |  
  _|                                  
[proc] serving at localhost:59500
[proc] procm is in managed mode; overriding sigusr2; ignoring sigint
[control] <- UpdateRegistration; serviceUpdate=Request:"remote.register" Message:"managed" 
[proc] registering new remote
[rtr] added new router to map=r100
[rtr] attached new remote; id=r100; address=localhost:59504
[control] sent registration response
[control] <- UpdateRegistration; serviceUpdate=Request:"remote.register" Message:"managed" 
[proc] registering new remote
[rtr] added new router to map=r101
[rtr] attached new remote; id=r101; address=localhost:59506
[control] sent registration response
[control] <- UpdateRegistration; serviceUpdate=Request:"remote.register" Message:"managed" 
[proc] registering new remote
[rtr] added new router to map=r102
[rtr] attached new remote; id=r102; address=localhost:59508
[control] sent registration response
[rtr] checking pings
[control] <- summary; action=Request:"summary.all" 
[control] <- Restart; action=Request:"restart.one" Target:"s101" RemoteID:"r101" 
[control] found parent remote
[control] new pid=54478
[control] <- summary; action=Request:"summary.all" 
[rtr] checking pings
[control] <- summary; action=Request:"summary.all" 
[rtr] checking pings
[rtr] checking pings
[rtr] checking pings
[rtr] checking pings
[rtr] checking pings
[rtr] checking pings
[rtr] checking pings
[rtr] checking pings
[rtr] checking pings
[rtr] checking pings
[rtr] checking pings
[rtr] checking pings
[rtr] checking pings
[rtr] checking pings
[rtr] checking pings
[rtr] checking pings
[rtr] checking pings
[rtr] checking pings
[rtr] checking pings
[rtr] checking pings
[rtr] checking pings
[rtr] checking pings
[rtr] checking pings
[rtr] checking pings
[rtr] checking pings
[rtr] checking pings
[rtr] checking pings
[rtr] checking pings
[rtr] checking pings
[rtr] checking pings
[rtr] checking pings
[rtr] checking pings
[rtr] checking pings
[rtr] checking pings
[rtr] checking pings
[rtr] checking pings
[rtr] checking pings
[rtr] checking pings
[rtr] checking pings
[rtr] checking pings
[rtr] checking pings
[rtr] checking pings
[rtr] checking pings
[rtr] checking pings
[rtr] checking pings
[rtr] checking pings
[rtr] checking pings
[rtr] checking pings
[rtr] checking pings
[rtr] checking pings
[rtr] checking pings
[rtr] checking pings
[rtr] checking pings
[rtr] checking pings
[rtr] checking pings
[rtr] checking pings
[rtr] checking pings
[rtr] checking pings
[rtr] checking pings
[rtr] checking pings
[rtr] checking pings
[rtr] checking pings
[rtr] checking pings
[rtr] checking pings
[rtr] checking pings
[rtr] checking pings
[rtr] checking pings
[rtr] checking pings
[rtr] checking pings
[rtr] checking pings
[rtr] checking pings
[rtr] checking pings
[rtr] checking pings
[rtr] checking pings
[rtr] checking pings
[rtr] checking pings
[rtr] checking pings
[rtr] checking pings
[rtr] checking pings
[rtr] checking pings
[rtr] checking pings
[rtr] checking pings
[rtr] checking pings
[control] <- summary; action=Request:"summary.all" 
[rtr] checking pings
[rtr] checking pings
[rtr] checking pings
[rtr] checking pings
[rtr] checking pings
[rtr] checking pings
[rtr] checking pings
[rtr] checking pings
[proc] SIGUSR1 reported
[proc] gmbh shutdown initiated
[proc] 3
[proc] sending gmbh shutdown notice to r102
[proc] sending gmbh shutdown notice to r100
[proc] sending gmbh shutdown notice to r101
[rtr] checking pings

[proc] shutdown signal received
[proc] sending shutdown notice to r102
[proc] sending shutdown notice to r100
[proc] sending shutdown notice to r101
[proc] shutdown; time=Feb 27 12:07:58
                    _                 
  _  ._ _  |_  |_| |_) ._ _   _ |\/| 
 (_| | | | |_) | | |   | (_) (_ |  |  
  _|                                  
[proc] serving at localhost:59500
[proc] procm is in managed mode; overriding sigusr2; ignoring sigint
[control] <- UpdateRegistration; serviceUpdate=Request:"remote.register" Message:"managed" 
[proc] registering new remote
[rtr] added new router to map=r100
[rtr] attached new remote; id=r100; address=localhost:59504
[control] sent registration response
[control] <- UpdateRegistration; serviceUpdate=Request:"remote.register" Message:"managed" 
[proc] registering new remote
[rtr] added new router to map=r101
[rtr] attached new remote; id=r101; address=localhost:59506
[control] sent registration response
[control] <- UpdateRegistration; serviceUpdate=Request:"remote.register" Message:"managed" 
[proc] registering new remote
[rtr] added new router to map=r102
[rtr] attached new remote; id=r102; address=localhost:59508
[control] sent registration response
[rtr] checking pings
[rtr] checking pings
[control] <- summary; action=Request:"summary.all" 
[rtr] checking pings
[rtr] checking pings
[control] <- UpdateRegistration; serviceUpdate=Request:"remote.register" Message:"standalone" 
[proc] registering new remote
[rtr] added new router to map=r103
[rtr] attached new remote; id=r103; address=localhost:59510
[control] sent registration response
[rtr] checking pings
[control] <- summary; action=Request:"summary.all" 
[rtr] checking pings
[control] <- summary; action=Request:"summary.all" 
[proc] SIGUSR1 reported
[proc] gmbh shutdown initiated
[proc] 4
[proc] sending gmbh shutdown notice to r102
[proc] sending gmbh shutdown notice to r103
[proc] sending gmbh shutdown notice to r100
[proc] sending gmbh shutdown notice to r101

[proc] shutdown signal received
[proc] sending shutdown notice to r103
[proc] sending shutdown notice to r101
[proc] sending shutdown notice to r100
[proc] sending shutdown notice to r102
[control] <- UpdateRegistration; serviceUpdate=Request:"shutdown.notif" Message:"r102" 
[rtr] marking shutdown; id=r102
[control] <- UpdateRegistration; serviceUpdate=Request:"shutdown.notif" Message:"r101" 
[rtr] marking shutdown; id=r101
[control] <- UpdateRegistration; serviceUpdate=Request:"shutdown.notif" Message:"r100" 
[rtr] marking shutdown; id=r100
[proc] shutdown; time=Feb 27 13:47:29
                    _                 
  _  ._ _  |_  |_| |_) ._ _   _ |\/| 
 (_| | | | |_) | | |   | (_) (_ |  |  
  _|                                  
[proc] serving at localhost:59500
[proc] procm is in managed mode; overriding sigusr2; ignoring sigint
[control] <- UpdateRegistration; serviceUpdate=Request:"remote.register" Message:"managed" 
[proc] registering new remote
[rtr] added new router to map=r100
[rtr] attached new remote; id=r100; address=localhost:59504
[control] sent registration response
[control] <- UpdateRegistration; serviceUpdate=Request:"remote.register" Message:"managed" 
[proc] registering new remote
[rtr] added new router to map=r101
[rtr] attached new remote; id=r101; address=localhost:59506
[control] sent registration response
[control] <- UpdateRegistration; serviceUpdate=Request:"remote.register" Message:"managed" 
[proc] registering new remote
[rtr] added new router to map=r102
[rtr] attached new remote; id=r102; address=localhost:59508
[control] sent registration response
[control] <- summary; action=Request:"summary.all" 
[control] <- UpdateRegistration; serviceUpdate=Request:"remote.register" Message:"standalone" 
[proc] registering new remote
[rtr] added new router to map=r103
[rtr] attached new remote; id=r103; address=localhost:59510
[control] sent registration response
[rtr] checking pings
[rtr] checking pings
[rtr] checking pings
[rtr] checking pings
[rtr] checking pings
[rtr] checking pings
[control] <- UpdateRegistration; serviceUpdate=Request:"shutdown.notif" Message:"r103" 
[rtr] marking shutdown; id=r103
[proc] SIGUSR1 reported
[proc] gmbh shutdown initiated
[proc] 4
[proc] sending gmbh shutdown notice to r100
[proc] sending gmbh shutdown notice to r101
[proc] sending gmbh shutdown notice to r102
[proc] sending gmbh shutdown notice to r103
[proc] could not contact client; err=rpc error: code = Unavailable desc = all SubConns are in TransientFailure, latest connection error: connection error: desc = "transport: Error while dialing dial tcp [::1]:59510: connect: connection refused"

[proc] shutdown signal received
[proc] sending shutdown notice to r103
[proc] sending shutdown notice to r101
[proc] sending shutdown notice to r102
[proc] sending shutdown notice to r100
[proc] could not contact client; err=rpc error: code = Unavailable desc = all SubConns are in TransientFailure, latest connection error: connection error: desc = "transport: Error while dialing dial tcp [::1]:59510: connect: connection refused"
[control] <- UpdateRegistration; serviceUpdate=Request:"shutdown.notif" Message:"r101" 
[rtr] marking shutdown; id=r101
[control] <- UpdateRegistration; serviceUpdate=Request:"shutdown.notif" Message:"r102" 
[rtr] marking shutdown; id=r102
[proc] shutdown; time=Feb 27 13:52:28
                    _                 
  _  ._ _  |_  |_| |_) ._ _   _ |\/| 
 (_| | | | |_) | | |   | (_) (_ |  |  
  _|                                  
[proc] serving at localhost:59500
[proc] procm is in managed mode; overriding sigusr2; ignoring sigint
[control] <- UpdateRegistration; serviceUpdate=Request:"remote.register" Message:"managed" 
[proc] registering new remote
[rtr] added new router to map=r100
[rtr] attached new remote; id=r100; address=localhost:59504
[control] sent registration response
[control] <- UpdateRegistration; serviceUpdate=Request:"remote.register" Message:"managed" 
[proc] registering new remote
[rtr] added new router to map=r101
[control] <- UpdateRegistration; serviceUpdate=Request:"remote.register" Message:"managed" 
[proc] registering new remote
[rtr] attached new remote; id=r101; address=localhost:59506
[rtr] added new router to map=r102
[rtr] attached new remote; id=r102; address=localhost:59508
[control] sent registration response
[control] sent registration response
[control] <- summary; action=Request:"summary.all" 
[control] <- summary; action=Request:"summary.all" 
[rtr] checking pings
[control] <- Restart; action=Request:"restart.one" Target:"s101" RemoteID:"r100" 
[control] found parent remote
[control] new pid=55246
[control] <- summary; action=Request:"summary.all" 
[control] <- summary; action=Request:"summary.all" 
[control] <- summary; action=Request:"summary.all" 
[control] <- summary; action=Request:"summary.all" 
[rtr] checking pings
[rtr] checking pings
[rtr] checking pings
[rtr] checking pings
[rtr] checking pings
[rtr] checking pings
[rtr] checking pings
[rtr] checking pings
[rtr] checking pings
[rtr] checking pings
[rtr] checking pings
[rtr] checking pings
[rtr] checking pings
[rtr] checking pings
[rtr] checking pings
[rtr] checking pings
[rtr] checking pings
[rtr] checking pings
[rtr] checking pings
[rtr] checking pings
[rtr] checking pings
[rtr] checking pings
[rtr] checking pings
[rtr] checking pings
[rtr] checking pings
[rtr] checking pings
[rtr] checking pings
[rtr] checking pings
[rtr] checking pings
[rtr] checking pings
[rtr] checking pings
[rtr] checking pings
[rtr] checking pings
[rtr] checking pings
[rtr] checking pings
[rtr] checking pings
[rtr] checking pings
[rtr] checking pings
[rtr] checking pings
[rtr] checking pings
[rtr] checking pings
[rtr] checking pings
[rtr] checking pings
[rtr] checking pings
[rtr] checking pings
[rtr] checking pings
[rtr] checking pings
[rtr] checking pings
[rtr] checking pings
[rtr] checking pings
[rtr] checking pings
[rtr] checking pings
[rtr] checking pings
[rtr] checking pings
[rtr] checking pings
[rtr] checking pings
[proc] SIGUSR1 reported
[proc] gmbh shutdown initiated
[proc] 3
[proc] sending gmbh shutdown notice to r100
[proc] sending gmbh shutdown notice to r101
[proc] sending gmbh shutdown notice to r102

[proc] shutdown signal received
[proc] sending shutdown notice to r102
[proc] sending shutdown notice to r101
[proc] sending shutdown notice to r100
[proc] could not contact client; err=rpc error: code = DeadlineExceeded desc = context deadline exceeded
[proc] could not contact client; err=rpc error: code = DeadlineExceeded desc = context deadline exceeded
[proc] could not contact client; err=rpc error: code = DeadlineExceeded desc = context deadline exceeded
[proc] shutdown; time=Mar  6 11:41:08
                    _                 
  _  ._ _  |_  |_| |_) ._ _   _ |\/| 
 (_| | | | |_) | | |   | (_) (_ |  |  
  _|                                  
[proc] serving at localhost:59500
[proc] procm is in managed mode; overriding sigusr2; ignoring sigint
[control] <- UpdateRegistration; serviceUpdate=Request:"remote.register" Message:"managed" 
[proc] registering new remote
[rtr] added new router to map=r100
[rtr] attached new remote; id=r100; address=localhost:59504
[control] sent registration response
[control] <- UpdateRegistration; serviceUpdate=Request:"remote.register" Message:"managed" 
[proc] registering new remote
[rtr] added new router to map=r101
[rtr] attached new remote; id=r101; address=localhost:59506
[control] sent registration response
[control] <- UpdateRegistration; serviceUpdate=Request:"remote.register" Message:"managed" 
[proc] registering new remote
[rtr] added new router to map=r102
[rtr] attached new remote; id=r102; address=localhost:59508
[control] sent registration response
[rtr] checking pings
[rtr] checking pings
[rtr] checking pings
[rtr] checking pings
[rtr] checking pings
[rtr] checking pings
[control] <- summary; action=Request:"summary.all" 
[rtr] checking pings
[rtr] checking pings
[rtr] checking pings
[rtr] checking pings
[rtr] checking pings
[rtr] checking pings
[rtr] checking pings
[rtr] checking pings
[rtr] checking pings
[rtr] checking pings
[rtr] checking pings
[rtr] checking pings
[rtr] checking pings
[rtr] checking pings
[rtr] checking pings
[rtr] checking pings
[rtr] checking pings
[rtr] checking pings
[rtr] checking pings
[rtr] checking pings
[rtr] checking pings
[rtr] checking pings
[rtr] checking pings
[rtr] checking pings
[rtr] checking pings
[rtr] checking pings
[rtr] checking pings
[rtr] checking pings
[rtr] checking pings
[rtr] checking pings
[rtr] checking pings
[rtr] checking pings
[rtr] checking pings
[rtr] checking pings
[rtr] checking pings
[rtr] checking pings
[rtr] checking pings
[rtr] checking pings
[rtr] checking pings
[rtr] checking pings
[rtr] checking pings
[rtr] checking pings
[rtr] checking pings
[rtr] checking pings
[rtr] checking pings
[rtr] checking pings
[rtr] checking pings
[rtr] checking pings
[rtr] checking pings
[rtr] checking pings
[rtr] checking pings
[rtr] checking pings
[rtr] checking pings
[rtr] checking pings
[rtr] checking pings
[rtr] checking pings
[rtr] checking pings
[rtr] checking pings
[rtr] checking pings
[rtr] checking pings
[rtr] checking pings
[rtr] checking pings
[rtr] checking pings
[rtr] checking pings
[rtr] checking pings
[rtr] checking pings
[rtr] checking pings
[rtr] checking pings
[rtr] checking pings
[rtr] checking pings
[rtr] checking pings
[rtr] checking pings
[rtr] checking pings
[rtr] checking pings
[rtr] checking pings
[rtr] checking pings
[rtr] checking pings
[rtr] checking pings
[rtr] checking pings
[rtr] checking pings
[rtr] checking pings
[rtr] checking pings
[rtr] checking pings
[rtr] checking pings
[rtr] checking pings
[rtr] checking pings
[rtr] checking pings
[rtr] checking pings
[rtr] checking pings
[rtr] checking pings
[rtr] checking pings
[rtr] checking pings
[rtr] checking pings
[rtr] checking pings
[rtr] checking pings
[rtr] checking pings
[rtr] checking pings
[rtr] checking pings
[rtr] checking pings
[rtr] checking pings
[rtr] checking pings
[rtr] checking pings
[rtr] checking pings
[rtr] checking pings
[rtr] checking pings
[rtr] checking pings
[rtr] checking pings
[rtr] checking pings
[rtr] checking pings
[rtr] checking pings
[rtr] checking pings
[rtr] checking pings
[rtr] checking pings
[rtr] checking pings
[rtr] checking pings
[rtr] checking pings
[rtr] checking pings
[rtr] checking pings
[rtr] checking pings
[rtr] checking pings
[rtr] checking pings
[rtr] checking pings
[rtr] checking pings
[rtr] checking pings
[rtr] checking pings
[rtr] checking pings
[rtr] checking pings
[rtr] checking pings
[rtr] checking pings
[rtr] checking pings
[rtr] checking pings
[rtr] checking pings
[rtr] checking pings
[rtr] checking pings
[rtr] checking pings
[rtr] checking pings
[rtr] checking pings
[rtr] checking pings
[rtr] checking pings
[rtr] checking pings
[rtr] checking pings
[rtr] checking pings
[rtr] checking pings
[rtr] checking pings
[rtr] checking pings
[rtr] checking pings
[rtr] checking pings
[rtr] checking pings
[rtr] checking pings
[rtr] checking pings
[rtr] checking pings
[rtr] checking pings
[rtr] checking pings
[rtr] checking pings
[rtr] checking pings
[rtr] checking pings
[rtr] checking pings
[rtr] checking pings
[rtr] checking pings
[rtr] checking pings
[rtr] checking pings
[rtr] checking pings
[rtr] checking pings
[rtr] checking pings
[rtr] checking pings
[rtr] checking pings
[rtr] checking pings
[rtr] checking pings
[rtr] checking pings
[rtr] checking pings
[rtr] checking pings
[rtr] checking pings
[rtr] checking pings
[rtr] checking pings
[rtr] checking pings
[rtr] checking pings
[rtr] checking pings
[rtr] checking pings
[rtr] checking pings
[rtr] checking pings
[rtr] checking pings
[rtr] checking pings
[rtr] checking pings
[rtr] checking pings
[rtr] checking pings
[rtr] checking pings
[rtr] checking pings
[rtr] checking pings
[rtr] checking pings
[rtr] checking pings
[rtr] checking pings
[rtr] checking pings
[rtr] checking pings
[rtr] checking pings
[rtr] checking pings
[rtr] checking pings
[rtr] checking pings
[rtr] checking pings
[rtr] checking pings
[rtr] checking pings
[rtr] checking pings
[rtr] checking pings
[rtr] checking pings
[rtr] checking pings
[control] <- summary; action=Request:"summary.all" 
[rtr] checking pings
[rtr] checking pings
[rtr] checking pings
[rtr] checking pings
[rtr] checking pings
[rtr] checking pings
[rtr] checking pings
[rtr] checking pings
[rtr] checking pings
[control] <- summary; action=Request:"summary.all" 
[rtr] checking pings
[rtr] checking pings
[rtr] checking pings
[rtr] checking pings
[rtr] checking pings
[rtr] checking pings
[rtr] checking pings
[rtr] checking pings
[rtr] checking pings
[rtr] checking pings
[rtr] checking pings
[rtr] checking pings
[rtr] checking pings
[rtr] checking pings
[rtr] checking pings
[rtr] checking pings
[control] <- summary; action=Request:"summary.all" 
[control] <- summary; action=Request:"summary.all" 
[rtr] checking pings
[rtr] checking pings
[rtr] checking pings
[rtr] checking pings
[rtr] checking pings
[rtr] checking pings
[rtr] checking pings
[rtr] checking pings
[rtr] checking pings
[rtr] checking pings
[rtr] checking pings
[rtr] checking pings
[rtr] checking pings
[rtr] checking pings
[rtr] checking pings
[rtr] checking pings
[rtr] checking pings
[rtr] checking pings
[rtr] checking pings
[rtr] checking pings
[rtr] checking pings
[rtr] checking pings
[rtr] checking pings
[rtr] checking pings
[rtr] checking pings
[proc] SIGUSR1 reported
[proc] gmbh shutdown initiated
[proc] 3
[proc] sending gmbh shutdown notice to r101
[proc] sending gmbh shutdown notice to r102
[proc] sending gmbh shutdown notice to r100

[proc] shutdown signal received
[proc] sending shutdown notice to r102
[proc] sending shutdown notice to r101
[proc] sending shutdown notice to r100
[proc] shutdown; time=Mar  6 14:57:15
                    _                 
  _  ._ _  |_  |_| |_) ._ _   _ |\/| 
 (_| | | | |_) | | |   | (_) (_ |  |  
  _|                                  
[proc] serving at localhost:59500
[proc] procm is in managed mode; overriding sigusr2; ignoring sigint
[control] <- UpdateRegistration; serviceUpdate=Request:"remote.register" Message:"managed" 
[proc] registering new remote
[rtr] added new router to map=r100
[rtr] attached new remote; id=r100; address=localhost:59504
[control] sent registration response
[control] <- UpdateRegistration; serviceUpdate=Request:"remote.register" Message:"managed" 
[proc] registering new remote
[rtr] added new router to map=r101
[rtr] attached new remote; id=r101; address=localhost:59506
[control] sent registration response
[control] <- UpdateRegistration; serviceUpdate=Request:"remote.register" Message:"managed" 
[proc] registering new remote
[rtr] added new router to map=r102
[rtr] attached new remote; id=r102; address=localhost:59508
[control] sent registration response
[control] <- summary; action=Request:"summary.all" 
[control] <- summary; action=Request:"summary.all" 
[rtr] checking pings
[rtr] checking pings
[rtr] checking pings
[rtr] checking pings
[rtr] checking pings
[rtr] checking pings
[rtr] checking pings
[rtr] checking pings
[rtr] checking pings
[control] <- summary; action=Request:"summary.all" 
[rtr] checking pings
[rtr] checking pings
[rtr] checking pings
[control] <- summary; action=Request:"summary.all" 
[proc] SIGUSR1 reported
[proc] gmbh shutdown initiated
[proc] 3
[proc] sending gmbh shutdown notice to r100
[proc] sending gmbh shutdown notice to r101
[proc] sending gmbh shutdown notice to r102
[rtr] checking pings

[proc] shutdown signal received
[proc] sending shutdown notice to r102
[proc] sending shutdown notice to r100
[proc] sending shutdown notice to r101
[proc] shutdown; time=Mar  6 15:07:25
                    _                 
  _  ._ _  |_  |_| |_) ._ _   _ |\/| 
 (_| | | | |_) | | |   | (_) (_ |  |  
  _|                                  
[proc] serving at localhost:59500
[proc] procm is in managed mode; overriding sigusr2; ignoring sigint
[control] <- UpdateRegistration; serviceUpdate=Request:"remote.register" Message:"managed" 
[proc] registering new remote
[rtr] added new router to map=r100
[rtr] attached new remote; id=r100; address=localhost:59504
[control] sent registration response
[control] <- UpdateRegistration; serviceUpdate=Request:"remote.register" Message:"managed" 
[proc] registering new remote
[rtr] added new router to map=r101
[control] <- UpdateRegistration; serviceUpdate=Request:"remote.register" Message:"managed" 
[proc] registering new remote
[rtr] added new router to map=r102
[rtr] attached new remote; id=r102; address=localhost:59508
[control] sent registration response
[rtr] attached new remote; id=r101; address=localhost:59506
[control] sent registration response
[proc] SIGUSR1 reported
[proc] gmbh shutdown initiated
[proc] 3
[proc] sending gmbh shutdown notice to r101
[proc] sending gmbh shutdown notice to r102
[proc] sending gmbh shutdown notice to r100

[proc] shutdown signal received
[proc] sending shutdown notice to r102
[proc] sending shutdown notice to r100
[proc] sending shutdown notice to r101
[proc] could not contact client; err=rpc error: code = Unavailable desc = transport is closing
[proc] shutdown; time=Mar  6 15:08:20
                    _                 
  _  ._ _  |_  |_| |_) ._ _   _ |\/| 
 (_| | | | |_) | | |   | (_) (_ |  |  
  _|                                  
[proc] serving at localhost:59500
[proc] procm is in managed mode; overriding sigusr2; ignoring sigint
[control] <- UpdateRegistration; serviceUpdate=Request:"remote.register" Message:"managed" 
[proc] registering new remote
[rtr] added new router to map=r100
[rtr] attached new remote; id=r100; address=localhost:59504
[control] sent registration response
[control] <- UpdateRegistration; serviceUpdate=Request:"remote.register" Message:"managed" 
[proc] registering new remote
[rtr] added new router to map=r101
[rtr] attached new remote; id=r101; address=localhost:59506
[control] sent registration response
[control] <- UpdateRegistration; serviceUpdate=Request:"remote.register" Message:"managed" 
[proc] registering new remote
[rtr] added new router to map=r102
[rtr] attached new remote; id=r102; address=localhost:59508
[control] sent registration response
[rtr] checking pings
[rtr] checking pings
[rtr] checking pings
[rtr] checking pings
[rtr] checking pings
[rtr] checking pings
[rtr] checking pings
[rtr] checking pings
[rtr] checking pings
[rtr] checking pings
[rtr] checking pings
[rtr] checking pings
[rtr] checking pings
[rtr] checking pings
[rtr] checking pings
[rtr] checking pings
[rtr] checking pings
[rtr] checking pings
[rtr] checking pings
[rtr] checking pings
[rtr] checking pings
[rtr] checking pings
[rtr] checking pings
[rtr] checking pings
[rtr] checking pings
[rtr] checking pings
[rtr] checking pings
[rtr] checking pings
[rtr] checking pings
[rtr] checking pings
[rtr] checking pings
[rtr] checking pings
[rtr] checking pings
[rtr] checking pings
[rtr] checking pings
[rtr] checking pings
[rtr] checking pings
[rtr] checking pings
[rtr] checking pings
[rtr] checking pings
[rtr] checking pings
[rtr] checking pings
[rtr] checking pings
[rtr] checking pings
[rtr] checking pings
[rtr] checking pings
[rtr] checking pings
[rtr] checking pings
[rtr] checking pings
[rtr] checking pings
[rtr] checking pings
[rtr] checking pings
[rtr] checking pings
[rtr] checking pings
[rtr] checking pings
[rtr] checking pings
[rtr] checking pings
[rtr] checking pings
[rtr] checking pings
[rtr] checking pings
[rtr] checking pings
[rtr] checking pings
[rtr] checking pings
[rtr] checking pings
[rtr] checking pings
[rtr] checking pings
[rtr] checking pings
[rtr] checking pings
[rtr] checking pings
[rtr] checking pings
[rtr] checking pings
[rtr] checking pings
[rtr] checking pings
[rtr] checking pings
[rtr] checking pings
[rtr] checking pings
[rtr] checking pings
[rtr] checking pings
[rtr] checking pings
[rtr] checking pings
[rtr] checking pings
[rtr] checking pings
[rtr] checking pings
[rtr] checking pings
[rtr] checking pings
[rtr] checking pings
[rtr] checking pings
[rtr] checking pings
[rtr] checking pings
[rtr] checking pings
[rtr] checking pings
[rtr] checking pings
[rtr] checking pings
[rtr] checking pings
[rtr] checking pings
[rtr] checking pings
[rtr] checking pings
[rtr] checking pings
[rtr] checking pings
[rtr] checking pings
[rtr] checking pings
[rtr] checking pings
[rtr] checking pings
[rtr] checking pings
[rtr] checking pings
[rtr] checking pings
[proc] SIGUSR1 reported
[proc] gmbh shutdown initiated
[proc] 3
[proc] sending gmbh shutdown notice to r100
[proc] sending gmbh shutdown notice to r101
[proc] sending gmbh shutdown notice to r102

[proc] shutdown signal received
[proc] sending shutdown notice to r102
[proc] sending shutdown notice to r100
[proc] sending shutdown notice to r101
[proc] shutdown; time=Mar  6 16:28:40
                    _                 
  _  ._ _  |_  |_| |_) ._ _   _ |\/| 
 (_| | | | |_) | | |   | (_) (_ |  |  
  _|                                  
[proc] serving at localhost:59500
[proc] procm is in managed mode; overriding sigusr2; ignoring sigint
[control] <- UpdateRegistration; serviceUpdate=Request:"remote.register" Message:"managed" 
[proc] registering new remote
[rtr] added new router to map=r100
[rtr] attached new remote; id=r100; address=localhost:59504
[control] <- UpdateRegistration; serviceUpdate=Request:"remote.register" Message:"managed" 
[proc] registering new remote
[rtr] added new router to map=r101
[rtr] attached new remote; id=r101; address=localhost:59506
[control] <- UpdateRegistration; serviceUpdate=Request:"remote.register" Message:"managed" 
[proc] registering new remote
[rtr] added new router to map=r102
[rtr] attached new remote; id=r102; address=localhost:59508
[control] sent registration response
[control] sent registration response
[control] sent registration response
[rtr] checking pings
[rtr] checking pings
[rtr] checking pings
[rtr] checking pings
[rtr] checking pings
[rtr] checking pings
[rtr] checking pings
[rtr] checking pings
[rtr] checking pings
[rtr] checking pings
[rtr] checking pings
[rtr] checking pings
[rtr] checking pings
[rtr] checking pings
[rtr] checking pings
[proc] SIGUSR1 reported
[proc] gmbh shutdown initiated
[proc] 3
[proc] sending gmbh shutdown notice to r100
[proc] could not contact client; err=rpc error: code = DeadlineExceeded desc = context deadline exceeded
[proc] sending gmbh shutdown notice to r101

[proc] shutdown signal received
[proc] sending shutdown notice to r101
[proc] sending shutdown notice to r100
[proc] sending shutdown notice to r102
[proc] shutdown; time=Mar  6 16:50:45
                    _                 
  _  ._ _  |_  |_| |_) ._ _   _ |\/| 
 (_| | | | |_) | | |   | (_) (_ |  |  
  _|                                  
[proc] serving at localhost:59500
[proc] procm is in managed mode; overriding sigusr2; ignoring sigint
[control] <- UpdateRegistration; serviceUpdate=Request:"remote.register" Message:"managed" 
[proc] registering new remote
[rtr] added new router to map=r100
[rtr] attached new remote; id=r100; address=localhost:59504
[control] sent registration response
[control] <- UpdateRegistration; serviceUpdate=Request:"remote.register" Message:"managed" 
[proc] registering new remote
[rtr] added new router to map=r101
[rtr] attached new remote; id=r101; address=localhost:59506
[control] sent registration response
[control] <- UpdateRegistration; serviceUpdate=Request:"remote.register" Message:"managed" 
[proc] registering new remote
[rtr] added new router to map=r102
[rtr] attached new remote; id=r102; address=localhost:59508
[control] sent registration response
[control] <- summary; action=Request:"summary.all" 
[rtr] checking pings
[control] <- summary; action=Request:"summary.all" 
[control] <- summary; action=Request:"summary.all" 
[control] <- summary; action=Request:"summary.all" 
[control] <- summary; action=Request:"summary.all" 
[rtr] checking pings
[proc] SIGUSR1 reported
[proc] gmbh shutdown initiated
[proc] 3
[proc] sending gmbh shutdown notice to r100
[proc] sending gmbh shutdown notice to r101
[proc] sending gmbh shutdown notice to r102

[proc] shutdown signal received
[proc] sending shutdown notice to r102
[proc] sending shutdown notice to r101
[proc] sending shutdown notice to r100
[proc] could not contact client; err=rpc error: code = Unavailable desc = transport is closing
[proc] could not contact client; err=rpc error: code = Unavailable desc = transport is closing
[control] <- UpdateRegistration; serviceUpdate=Request:"shutdown.notif" Message:"r101" 
[rtr] marking shutdown; id=r101
[control] <- UpdateRegistration; serviceUpdate=Request:"shutdown.notif" Message:"r100" 
[rtr] marking shutdown; id=r100
[proc] shutdown; time=Mar 18 09:49:55
                    _                 
  _  ._ _  |_  |_| |_) ._ _   _ |\/| 
 (_| | | | |_) | | |   | (_) (_ |  |  
  _|                                  
[proc] serving at localhost:59500
[proc] procm is in managed mode; overriding sigusr2; ignoring sigint
[control] <- UpdateRegistration; serviceUpdate=Request:"remote.register" Message:"managed" 
[proc] registering new remote
[rtr] added new router to map=r100
[control] <- UpdateRegistration; serviceUpdate=Request:"remote.register" Message:"managed" 
[proc] registering new remote
[rtr] added new router to map=r101
[rtr] attached new remote; id=r101; address=localhost:59506
[control] sent registration response
[rtr] attached new remote; id=r100; address=localhost:59504
[control] sent registration response
[control] <- UpdateRegistration; serviceUpdate=Request:"remote.register" Message:"managed" 
[proc] registering new remote
[rtr] added new router to map=r102
[rtr] attached new remote; id=r102; address=localhost:59508
[control] sent registration response
[rtr] checking pings
[rtr] checking pings
[rtr] checking pings
[rtr] checking pings
[control] <- summary; action=Request:"summary.all" 
[rtr] checking pings
[control] <- Restart; action=Request:"restart.all" 
[proc] sending restart request to 
[proc] sending restart request to 
[proc] sending restart request to 
[proc] sent all restart requests with no errors
[control] <- summary; action=Request:"summary.all" 
[control] <- summary; action=Request:"summary.all" 
[control] <- summary; action=Request:"summary.all" 
[rtr] checking pings
[rtr] checking pings
[rtr] checking pings
[rtr] checking pings
[rtr] checking pings
[rtr] checking pings
[rtr] checking pings
[rtr] checking pings
[rtr] checking pings
[rtr] checking pings
[rtr] checking pings
[rtr] checking pings
[rtr] checking pings
[rtr] checking pings
[rtr] checking pings
[rtr] checking pings
[control] <- summary; action=Request:"summary.all" 
[control] <- summary; action=Request:"summary.all" 
[rtr] checking pings
[rtr] checking pings
[rtr] checking pings
[rtr] checking pings
[rtr] checking pings
[control] <- summary; action=Request:"summary.all" 
[control] <- summary; action=Request:"summary.all" 
[control] <- Restart; action=Request:"restart.all" 
[proc] sending restart request to 
[proc] sending restart request to 
[proc] sending restart request to 
[proc] sent all restart requests with no errors
[control] <- summary; action=Request:"summary.all" 
[control] <- summary; action=Request:"summary.all" 
[rtr] checking pings
[rtr] checking pings
[rtr] checking pings
[rtr] checking pings
[control] <- summary; action=Request:"summary.all" 
[rtr] checking pings
[control] <- summary; action=Request:"summary.all" 
[control] <- summary; action=Request:"summary.all" 
[control] <- summary; action=Request:"summary.all" 
[control] <- stop server request; action=
[proc] shutdown signal received
[proc] sending shutdown notice to r102
[proc] sending shutdown notice to r100
[proc] sending shutdown notice to r101
[proc] shutdown; time=Mar 18 11:06:21
[proc] SIGUSR1 reported
[proc] gmbh shutdown initiated
[proc] 3
[proc] sending gmbh shutdown notice to r102
[proc] could not contact client; err=rpc error: code = Unavailable desc = all SubConns are in TransientFailure, latest connection error: connection error: desc = "transport: Error while dialing dial tcp [::1]:59508: connect: connection refused"
[proc] sending gmbh shutdown notice to r100
[proc] could not contact client; err=rpc error: code = Unavailable desc = all SubConns are in TransientFailure, latest connection error: connection error: desc = "transport: Error while dialing dial tcp [::1]:59504: connect: connection refused"
[proc] sending gmbh shutdown notice to r101
[proc] could not contact client; err=rpc error: code = Unavailable desc = all SubConns are in TransientFailure, latest connection error: connection error: desc = "transport: Error while dialing dial tcp [::1]:59506: connect: connection refused"

[proc] shutdown signal received
[proc] sending shutdown notice to r102
[proc] sending shutdown notice to r101
[proc] sending shutdown notice to r100
[proc] could not contact client; err=rpc error: code = Unavailable desc = all SubConns are in TransientFailure, latest connection error: connection error: desc = "transport: Error while dialing dial tcp [::1]:59506: connect: connection refused"
[proc] could not contact client; err=rpc error: code = Unavailable desc = all SubConns are in TransientFailure, latest connection error: connection error: desc = "transport: Error while dialing dial tcp [::1]:59508: connect: connection refused"
[proc] could not contact client; err=rpc error: code = Unavailable desc = all SubConns are in TransientFailure, latest connection error: connection error: desc = "transport: Error while dialing dial tcp [::1]:59504: connect: connection refused"
[proc] shutdown; time=Mar 18 11:06:40
                    _                 
  _  ._ _  |_  |_| |_) ._ _   _ |\/| 
 (_| | | | |_) | | |   | (_) (_ |  |  
  _|                                  
[proc] serving at localhost:59500
[proc] procm is in managed mode; overriding sigusr2; ignoring sigint
[control] <- UpdateRegistration; serviceUpdate=Request:"remote.register" Message:"managed" 
[proc] registering new remote
[rtr] added new router to map=r100
[control] <- UpdateRegistration; serviceUpdate=Request:"remote.register" Message:"managed" 
[proc] registering new remote
[rtr] added new router to map=r101
[control] <- UpdateRegistration; serviceUpdate=Request:"remote.register" Message:"managed" 
[proc] registering new remote
[rtr] attached new remote; id=r101; address=localhost:59506
[control] sent registration response
[rtr] attached new remote; id=r100; address=localhost:59504
[control] sent registration response
[rtr] added new router to map=r102
[rtr] attached new remote; id=r102; address=localhost:59508
[control] sent registration response
[rtr] checking pings
[rtr] checking pings
[rtr] checking pings
[rtr] checking pings
[rtr] checking pings
[rtr] checking pings
[rtr] checking pings
[rtr] checking pings
[control] <- summary; action=Request:"summary.all" 
[control] <- summary; action=Request:"summary.all" 
[rtr] checking pings
[rtr] checking pings
[rtr] checking pings
[rtr] checking pings
[rtr] checking pings
[rtr] checking pings
[rtr] checking pings
[rtr] checking pings
[rtr] checking pings
[control] <- summary; action=Request:"summary.all" 
[control] <- Restart; action=Request:"restart.all" 
[proc] sending restart request to 
[proc] sending restart request to 
[proc] sending restart request to 
[proc] sent all restart requests with no errors
[control] <- summary; action=Request:"summary.all" 
[control] <- summary; action=Request:"summary.all" 
[control] <- summary; action=Request:"summary.all" 
[control] <- summary; action=Request:"summary.all" 
[control] <- summary; action=Request:"summary.all" 
[control] <- summary; action=Request:"summary.all" 
[rtr] checking pings
[control] <- summary; action=Request:"summary.all" 
[control] <- summary; action=Request:"summary.all" 
[control] <- summary; action=Request:"summary.all" 
[control] <- summary; action=Request:"summary.all" 
[control] <- summary; action=Request:"summary.all" 
[control] <- summary; action=Request:"summary.all" 
[control] <- summary; action=Request:"summary.all" 
[control] <- summary; action=Request:"summary.all" 
[control] <- summary; action=Request:"summary.all" 
[control] <- summary; action=Request:"summary.all" 
[control] <- summary; action=Request:"summary.all" 
[control] <- summary; action=Request:"summary.all" 
[control] <- summary; action=Request:"summary.all" 
[control] <- summary; action=Request:"summary.all" 
[control] <- summary; action=Request:"summary.all" 
[control] <- summary; action=Request:"summary.all" 
[control] <- summary; action=Request:"summary.all" 
[control] <- summary; action=Request:"summary.all" 
[control] <- summary; action=Request:"summary.all" 
[control] <- summary; action=Request:"summary.all" 
[control] <- summary; action=Request:"summary.all" 
[control] <- summary; action=Request:"summary.all" 
[control] <- summary; action=Request:"summary.all" 
[rtr] checking pings
[rtr] checking pings
[rtr] checking pings
[rtr] checking pings
[rtr] checking pings
[rtr] checking pings
[rtr] checking pings
[rtr] checking pings
[rtr] checking pings
[rtr] checking pings
[rtr] checking pings
[rtr] checking pings
[rtr] checking pings
[rtr] checking pings
[rtr] checking pings
[rtr] checking pings
[rtr] checking pings
[rtr] checking pings
[rtr] checking pings
[proc] SIGUSR1 reported
[proc] gmbh shutdown initiated
[proc] 3
[proc] sending gmbh shutdown notice to r100
[proc] sending gmbh shutdown notice to r101
[proc] sending gmbh shutdown notice to r102

[proc] shutdown signal received
[proc] sending shutdown notice to r102
[proc] sending shutdown notice to r101
[proc] sending shutdown notice to r100
[proc] shutdown; time=Mar 18 12:37:20
                    _                 
  _  ._ _  |_  |_| |_) ._ _   _ |\/| 
 (_| | | | |_) | | |   | (_) (_ |  |  
  _|                                  
[proc] serving at localhost:59500
[proc] procm is in managed mode; overriding sigusr2; ignoring sigint
[control] <- UpdateRegistration; serviceUpdate=Request:"remote.register" Message:"managed" 
[proc] registering new remote
[rtr] added new router to map=r100
[rtr] attached new remote; id=r100; address=localhost:59504
[control] sent registration response
[control] <- UpdateRegistration; serviceUpdate=Request:"remote.register" Message:"managed" 
[proc] registering new remote
[rtr] added new router to map=r101
[rtr] attached new remote; id=r101; address=localhost:59506
[control] sent registration response
[control] <- UpdateRegistration; serviceUpdate=Request:"remote.register" Message:"managed" 
[proc] registering new remote
[rtr] added new router to map=r102
[rtr] attached new remote; id=r102; address=localhost:59508
[control] sent registration response
[control] <- summary; action=Request:"summary.all" 
[control] <- summary; action=Request:"summary.all" 
[rtr] checking pings
[rtr] checking pings
[rtr] checking pings
[rtr] checking pings
[rtr] checking pings
[rtr] checking pings
[rtr] checking pings
[rtr] checking pings
[rtr] checking pings
[control] <- summary; action=Request:"summary.all" 
[rtr] checking pings
[control] <- summary; action=Request:"summary.all" 
[rtr] checking pings
[rtr] checking pings
[proc] SIGUSR1 reported
[proc] gmbh shutdown initiated
[proc] 3
[proc] sending gmbh shutdown notice to r100
[proc] sending gmbh shutdown notice to r101
[proc] sending gmbh shutdown notice to r102

[proc] shutdown signal received
[proc] sending shutdown notice to r102
[proc] sending shutdown notice to r100
[proc] sending shutdown notice to r101
[proc] shutdown; time=Mar 18 12:47:19
                    _                 
  _  ._ _  |_  |_| |_) ._ _   _ |\/| 
 (_| | | | |_) | | |   | (_) (_ |  |  
  _|                                  
[proc] serving at localhost:59500
[proc] procm is in managed mode; overriding sigusr2; ignoring sigint
[control] <- UpdateRegistration; serviceUpdate=Request:"remote.register" Message:"managed" 
[proc] registering new remote
[rtr] added new router to map=r100
[rtr] attached new remote; id=r100; address=localhost:59504
[control] sent registration response
[control] <- UpdateRegistration; serviceUpdate=Request:"remote.register" Message:"managed" 
[proc] registering new remote
[rtr] added new router to map=r101
[rtr] attached new remote; id=r101; address=localhost:59506
[control] sent registration response
[control] <- UpdateRegistration; serviceUpdate=Request:"remote.register" Message:"managed" 
[proc] registering new remote
[rtr] added new router to map=r102
[rtr] attached new remote; id=r102; address=localhost:59508
[control] sent registration response
[control] <- summary; action=Request:"summary.all" 
[control] <- summary; action=Request:"summary.all" 
[control] <- summary; action=Request:"summary.all" 
[rtr] checking pings
[rtr] checking pings
[rtr] checking pings
[control] <- summary; action=Request:"summary.all" 
[rtr] checking pings
[control] <- summary; action=Request:"summary.all" 
[rtr] checking pings
[control] <- summary; action=Request:"summary.all" 
[rtr] checking pings
[control] <- summary; action=Request:"summary.all" 
[control] <- summary; action=Request:"summary.all" 
[control] <- summary; action=Request:"summary.all" 
[rtr] checking pings
[control] <- summary; action=Request:"summary.all" 
[rtr] checking pings
[rtr] checking pings
[control] <- summary; action=Request:"summary.all" 
[control] <- summary; action=Request:"summary.all" 
[rtr] checking pings
[proc] SIGUSR1 reported
[proc] gmbh shutdown initiated
[proc] 3
[proc] sending gmbh shutdown notice to r100
[proc] sending gmbh shutdown notice to r101
[proc] sending gmbh shutdown notice to r102

[proc] shutdown signal received
[proc] sending shutdown notice to r102
[proc] sending shutdown notice to r101
[proc] sending shutdown notice to r100
[proc] shutdown; time=Mar 18 12:55:19
                    _                 
  _  ._ _  |_  |_| |_) ._ _   _ |\/| 
 (_| | | | |_) | | |   | (_) (_ |  |  
  _|                                  
[proc] serving at localhost:59500
[proc] procm is in managed mode; overriding sigusr2; ignoring sigint
[control] <- UpdateRegistration; serviceUpdate=Request:"remote.register" Message:"managed" 
[proc] registering new remote
[rtr] added new router to map=r100
[rtr] attached new remote; id=r100; address=localhost:59504
[control] sent registration response
[control] <- UpdateRegistration; serviceUpdate=Request:"remote.register" Message:"managed" 
[proc] registering new remote
[rtr] added new router to map=r101
[rtr] attached new remote; id=r101; address=localhost:59506
[control] sent registration response
[control] <- UpdateRegistration; serviceUpdate=Request:"remote.register" Message:"managed" 
[proc] registering new remote
[rtr] added new router to map=r102
[rtr] attached new remote; id=r102; address=localhost:59508
[control] sent registration response
[control] <- summary; action=Request:"summary.all" 
[control] <- summary; action=Request:"summary.all" 
[control] <- summary; action=Request:"summary.all" 
[control] <- summary; action=Request:"summary.all" 
[rtr] checking pings
[rtr] checking pings
[rtr] checking pings
[rtr] checking pings
[rtr] checking pings
[proc] SIGUSR1 reported
[proc] gmbh shutdown initiated
[proc] 3
[proc] sending gmbh shutdown notice to r100
[proc] sending gmbh shutdown notice to r101
[proc] sending gmbh shutdown notice to r102

[proc] shutdown signal received
[proc] sending shutdown notice to r100
[proc] sending shutdown notice to r102
[proc] sending shutdown notice to r101
[proc] shutdown; time=Mar 18 12:59:44
                    _                 
  _  ._ _  |_  |_| |_) ._ _   _ |\/| 
 (_| | | | |_) | | |   | (_) (_ |  |  
  _|                                  
[proc] serving at localhost:59500
[proc] procm is in managed mode; overriding sigusr2; ignoring sigint
[control] <- UpdateRegistration; serviceUpdate=Request:"remote.register" Message:"managed" 
[proc] registering new remote
[rtr] added new router to map=r100
[rtr] attached new remote; id=r100; address=localhost:59504
[control] sent registration response
[control] <- UpdateRegistration; serviceUpdate=Request:"remote.register" Message:"managed" 
[proc] registering new remote
[rtr] added new router to map=r101
[rtr] attached new remote; id=r101; address=localhost:59506
[control] sent registration response
[control] <- UpdateRegistration; serviceUpdate=Request:"remote.register" Message:"managed" 
[proc] registering new remote
[rtr] added new router to map=r102
[rtr] attached new remote; id=r102; address=localhost:59508
[control] sent registration response
[control] <- summary; action=Request:"summary.all" 
[control] <- summary; action=Request:"summary.all" 
[control] <- summary; action=Request:"summary.all" 
[control] <- summary; action=Request:"summary.all" 
[control] <- summary; action=Request:"summary.all" 
[control] <- summary; action=Request:"summary.all" 
[control] <- summary; action=Request:"summary.all" 
[control] <- summary; action=Request:"summary.all" 
[proc] SIGUSR1 reported
[proc] gmbh shutdown initiated
[proc] 3
[proc] sending gmbh shutdown notice to r100
[proc] sending gmbh shutdown notice to r101
[proc] sending gmbh shutdown notice to r102

[proc] shutdown signal received
[proc] sending shutdown notice to r100
[proc] sending shutdown notice to r101
[proc] sending shutdown notice to r102
[proc] shutdown; time=Mar 18 13:03:15
                    _                 
  _  ._ _  |_  |_| |_) ._ _   _ |\/| 
 (_| | | | |_) | | |   | (_) (_ |  |  
  _|                                  
[proc] serving at localhost:59500
[proc] procm is in managed mode; overriding sigusr2; ignoring sigint
[control] <- UpdateRegistration; serviceUpdate=Request:"remote.register" Message:"managed" 
[proc] registering new remote
[rtr] added new router to map=r100
[rtr] attached new remote; id=r100; address=localhost:59504
[control] sent registration response
[control] <- UpdateRegistration; serviceUpdate=Request:"remote.register" Message:"managed" 
[proc] registering new remote
[rtr] added new router to map=r101
[rtr] attached new remote; id=r101; address=localhost:59506
[control] sent registration response
[control] <- UpdateRegistration; serviceUpdate=Request:"remote.register" Message:"managed" 
[proc] registering new remote
[rtr] added new router to map=r102
[rtr] attached new remote; id=r102; address=localhost:59508
[control] sent registration response
[control] <- summary; action=Request:"summary.all" 
[rtr] checking pings
[rtr] checking pings
[control] <- Restart; action=Request:"restart.one" Target:"s100" RemoteID:"r100" 
[control] found parent remote
[control] new pid=26329
[control] <- summary; action=Request:"summary.all" 
[control] <- summary; action=Request:"summary.all" 
[control] <- Restart; action=Request:"restart.all" 
[proc] sending restart request to 
[proc] sending restart request to 
[proc] sending restart request to 
[proc] sent all restart requests with no errors
[control] <- summary; action=Request:"summary.all" 
[rtr] checking pings
[rtr] checking pings
[control] <- Restart; action=Request:"restart.all" 
[proc] sending restart request to 
[proc] sending restart request to 
[proc] sending restart request to 
[proc] sent all restart requests with no errors
[control] <- summary; action=Request:"summary.all" 
[control] <- summary; action=Request:"summary.all" 
[rtr] checking pings
[rtr] checking pings
[control] <- Restart; action=Request:"restart.all" 
[proc] sending restart request to 
[proc] sending restart request to 
[proc] sending restart request to 
[proc] sent all restart requests with no errors
[control] <- summary; action=Request:"summary.all" 
[control] <- summary; action=Request:"summary.all" 
[rtr] checking pings
[rtr] checking pings
[rtr] checking pings
[rtr] checking pings
[rtr] checking pings
[rtr] checking pings
[rtr] checking pings
[rtr] checking pings
[control] <- summary; action=Request:"summary.all" 
[rtr] checking pings
[rtr] checking pings
[rtr] checking pings
[rtr] checking pings
[rtr] checking pings
[rtr] checking pings
[rtr] checking pings
[rtr] checking pings
[rtr] checking pings
[rtr] checking pings
[rtr] checking pings
[rtr] checking pings
[rtr] checking pings
[rtr] checking pings
[rtr] checking pings
[rtr] checking pings
[rtr] checking pings
[rtr] checking pings
[rtr] checking pings
[rtr] checking pings
[rtr] checking pings
[rtr] checking pings
[rtr] checking pings
[rtr] checking pings
[rtr] checking pings
[rtr] checking pings
[rtr] checking pings
[rtr] checking pings
[rtr] checking pings
[rtr] checking pings
[rtr] checking pings
[rtr] checking pings
[rtr] checking pings
[rtr] checking pings
[rtr] checking pings
[rtr] checking pings
[rtr] checking pings
[rtr] checking pings
[rtr] checking pings
[rtr] checking pings
[rtr] checking pings
[rtr] checking pings
[rtr] checking pings
[rtr] checking pings
[rtr] checking pings
[rtr] checking pings
[rtr] checking pings
[rtr] checking pings
[rtr] checking pings
[rtr] checking pings
[rtr] checking pings
[rtr] checking pings
[rtr] checking pings
[rtr] checking pings
[rtr] checking pings
[rtr] checking pings
[rtr] checking pings
[rtr] checking pings
[rtr] checking pings
[rtr] checking pings
[rtr] checking pings
[rtr] checking pings
[rtr] checking pings
[rtr] checking pings
[rtr] checking pings
[rtr] checking pings
[rtr] checking pings
[rtr] checking pings
[rtr] checking pings
[rtr] checking pings
[rtr] checking pings
[rtr] checking pings
[rtr] checking pings
[rtr] checking pings
[rtr] checking pings
[rtr] checking pings
[rtr] checking pings
[rtr] checking pings
[rtr] checking pings
[rtr] checking pings
[rtr] checking pings
[rtr] checking pings
[rtr] checking pings
[rtr] checking pings
[rtr] checking pings
[rtr] checking pings
[rtr] checking pings
[rtr] checking pings
[rtr] checking pings
[rtr] checking pings
[rtr] checking pings
[rtr] checking pings
[rtr] checking pings
[rtr] checking pings
[rtr] checking pings
[rtr] checking pings
[rtr] checking pings
[rtr] checking pings
[rtr] checking pings
[rtr] checking pings
[rtr] checking pings
[rtr] checking pings
[rtr] checking pings
[rtr] checking pings
[rtr] checking pings
[rtr] checking pings
[rtr] checking pings
[rtr] checking pings
[rtr] checking pings
[rtr] checking pings
[rtr] checking pings
[rtr] checking pings
[rtr] checking pings
[rtr] checking pings
[rtr] checking pings
[rtr] checking pings
[rtr] checking pings
[rtr] checking pings
[rtr] checking pings
[rtr] checking pings
[rtr] checking pings
[rtr] checking pings
[rtr] checking pings
[rtr] checking pings
[rtr] checking pings
[rtr] checking pings
[rtr] checking pings
[rtr] checking pings
[rtr] checking pings
[rtr] checking pings
[rtr] checking pings
[rtr] checking pings
[rtr] checking pings
[rtr] checking pings
[rtr] checking pings
[rtr] checking pings
[rtr] checking pings
[rtr] checking pings
[rtr] checking pings
[rtr] checking pings
[rtr] checking pings
[rtr] checking pings
[rtr] checking pings
[rtr] checking pings
[rtr] checking pings
[rtr] checking pings
[rtr] checking pings
[rtr] checking pings
[rtr] checking pings
[rtr] checking pings
[rtr] checking pings
[rtr] checking pings
[rtr] checking pings
[rtr] checking pings
[rtr] checking pings
[rtr] checking pings
[rtr] checking pings
[rtr] checking pings
[rtr] checking pings
[rtr] checking pings
[rtr] checking pings
[rtr] checking pings
[rtr] checking pings
[rtr] checking pings
[rtr] checking pings
[rtr] checking pings
[rtr] checking pings
[rtr] checking pings
[rtr] checking pings
[rtr] checking pings
[rtr] checking pings
[rtr] checking pings
[rtr] checking pings
[rtr] checking pings
[rtr] checking pings
[rtr] checking pings
[rtr] checking pings
[rtr] checking pings
[rtr] checking pings
[rtr] checking pings
[rtr] checking pings
[rtr] checking pings
[rtr] checking pings
[rtr] checking pings
[rtr] checking pings
[rtr] checking pings
[rtr] checking pings
[rtr] checking pings
[rtr] checking pings
[rtr] checking pings
[rtr] checking pings
[rtr] checking pings
[rtr] checking pings
[rtr] checking pings
[rtr] checking pings
[rtr] checking pings
[rtr] checking pings
[rtr] checking pings
[rtr] checking pings
[rtr] checking pings
[rtr] checking pings
[rtr] checking pings
[rtr] checking pings
[rtr] checking pings
[rtr] checking pings
[rtr] checking pings
[rtr] checking pings
[rtr] checking pings
[control] <- summary; action=Request:"summary.all" 
[rtr] checking pings
[rtr] checking pings
[rtr] checking pings
[rtr] checking pings
[rtr] checking pings
[rtr] checking pings
[rtr] checking pings
[rtr] checking pings
[rtr] checking pings
[rtr] checking pings
[rtr] checking pings
[rtr] checking pings
[rtr] checking pings
[rtr] checking pings
[rtr] checking pings
[rtr] checking pings
[rtr] checking pings
[rtr] checking pings
[rtr] checking pings
[rtr] checking pings
[rtr] checking pings
[rtr] checking pings
[rtr] checking pings
[rtr] checking pings
[rtr] checking pings
[proc] SIGUSR1 reported
[proc] gmbh shutdown initiated
[proc] 3
[proc] sending gmbh shutdown notice to r101
[proc] sending gmbh shutdown notice to r102
[proc] sending gmbh shutdown notice to r100

[proc] shutdown signal received
[proc] sending shutdown notice to r102
[proc] sending shutdown notice to r101
[proc] sending shutdown notice to r100
[proc] shutdown; time=Mar 18 16:09:20
                    _                 
  _  ._ _  |_  |_| |_) ._ _   _ |\/| 
 (_| | | | |_) | | |   | (_) (_ |  |  
  _|                                  
[proc] serving at localhost:59500
[proc] procm is in managed mode; overriding sigusr2; ignoring sigint
[control] <- UpdateRegistration; serviceUpdate=Request:"remote.register" Message:"managed" 
[proc] registering new remote
[rtr] added new router to map=r100
[rtr] attached new remote; id=r100; address=localhost:59504
[control] sent registration response
[control] <- UpdateRegistration; serviceUpdate=Request:"remote.register" Message:"managed" 
[proc] registering new remote
[rtr] added new router to map=r101
[rtr] attached new remote; id=r101; address=localhost:59506
[control] sent registration response
[control] <- UpdateRegistration; serviceUpdate=Request:"remote.register" Message:"managed" 
[proc] registering new remote
[rtr] added new router to map=r102
[rtr] attached new remote; id=r102; address=localhost:59508
[control] sent registration response
[control] <- summary; action=Request:"summary.all" 
[control] <- summary; action=Request:"summary.all" 
[rtr] checking pings
[rtr] checking pings
[rtr] checking pings
[rtr] checking pings
[rtr] checking pings
[rtr] checking pings
[rtr] checking pings
[rtr] checking pings
[rtr] checking pings
[rtr] checking pings
[rtr] checking pings
[rtr] checking pings
[rtr] checking pings
[rtr] checking pings
[rtr] checking pings
[rtr] checking pings
[rtr] checking pings
[rtr] checking pings
[rtr] checking pings
[rtr] checking pings
[rtr] checking pings
[rtr] checking pings
[rtr] checking pings
[rtr] checking pings
[rtr] checking pings
[rtr] checking pings
[rtr] checking pings
[rtr] checking pings
[rtr] checking pings
[rtr] checking pings
[rtr] checking pings
[rtr] checking pings
[rtr] checking pings
[rtr] checking pings
[rtr] checking pings
[rtr] checking pings
[rtr] checking pings
[rtr] checking pings
[rtr] checking pings
[rtr] checking pings
[rtr] checking pings
[rtr] checking pings
[rtr] checking pings
[rtr] checking pings
[rtr] checking pings
[rtr] checking pings
[rtr] checking pings
[rtr] checking pings
[rtr] checking pings
[rtr] checking pings
[rtr] checking pings
[rtr] checking pings
[rtr] checking pings
[rtr] checking pings
[rtr] checking pings
[rtr] checking pings
[rtr] checking pings
[rtr] checking pings
[rtr] checking pings
[rtr] checking pings
[rtr] checking pings
[rtr] checking pings
[rtr] checking pings
[rtr] checking pings
[rtr] checking pings
[rtr] checking pings
[rtr] checking pings
[rtr] checking pings
[rtr] checking pings
[rtr] checking pings
[rtr] checking pings
[rtr] checking pings
[rtr] checking pings
[rtr] checking pings
[rtr] checking pings
[rtr] checking pings
[rtr] checking pings
[rtr] checking pings
[rtr] checking pings
[rtr] checking pings
[rtr] checking pings
[rtr] checking pings
[rtr] checking pings
[rtr] checking pings
[rtr] checking pings
[rtr] checking pings
[rtr] checking pings
[rtr] checking pings
[rtr] checking pings
[rtr] checking pings
[rtr] checking pings
[rtr] checking pings
[rtr] checking pings
[rtr] checking pings
[rtr] checking pings
[rtr] checking pings
[rtr] checking pings
[rtr] checking pings
[rtr] checking pings
[rtr] checking pings
[rtr] checking pings
[rtr] checking pings
[rtr] checking pings
[rtr] checking pings
[rtr] checking pings
[rtr] checking pings
[rtr] checking pings
[rtr] checking pings
[rtr] checking pings
[rtr] checking pings
[rtr] checking pings
[rtr] checking pings
[rtr] checking pings
[rtr] checking pings
[rtr] checking pings
[rtr] checking pings
[rtr] checking pings
[rtr] checking pings
[rtr] checking pings
[rtr] checking pings
[rtr] checking pings
[rtr] checking pings
[rtr] checking pings
[rtr] checking pings
[rtr] checking pings
[rtr] checking pings
[rtr] checking pings
[rtr] checking pings
[rtr] checking pings
[rtr] checking pings
[rtr] checking pings
[rtr] checking pings
[rtr] checking pings
[rtr] checking pings
[rtr] checking pings
[rtr] checking pings
[rtr] checking pings
[rtr] checking pings
[rtr] checking pings
[rtr] checking pings
[rtr] checking pings
[rtr] checking pings
[rtr] checking pings
[rtr] checking pings
[rtr] checking pings
[rtr] checking pings
[rtr] checking pings
[rtr] checking pings
[rtr] checking pings
[rtr] checking pings
[rtr] checking pings
[rtr] checking pings
[rtr] checking pings
[rtr] checking pings
[rtr] checking pings
[rtr] checking pings
[control] <- summary; action=Request:"summary.all" 
[rtr] checking pings
[rtr] checking pings
[rtr] checking pings
[rtr] checking pings
[rtr] checking pings
[rtr] checking pings
[rtr] checking pings
[rtr] checking pings
[rtr] checking pings
[rtr] checking pings
[rtr] checking pings
[rtr] checking pings
[rtr] checking pings
[rtr] checking pings
[rtr] checking pings
[rtr] checking pings
[rtr] checking pings
[rtr] checking pings
[rtr] checking pings
[rtr] checking pings
[rtr] checking pings
[rtr] checking pings
[rtr] checking pings
[rtr] checking pings
[rtr] checking pings
[rtr] checking pings
[rtr] checking pings
[rtr] checking pings
[rtr] checking pings
[control] <- summary; action=Request:"summary.all" 
[control] <- Restart; action=Request:"restart.all" 
[proc] sending restart request to 
[proc] sending restart request to 
[proc] sending restart request to 
[proc] restart error=rpc error: code = DeadlineExceeded desc = context deadline exceeded
[control] <- summary; action=Request:"summary.all" 
[control] <- summary; action=Request:"summary.all" 
[control] <- summary; action=Request:"summary.all" 
[control] <- summary; action=Request:"summary.all" 
[control] <- summary; action=Request:"summary.all" 
[control] <- summary; action=Request:"summary.all" 
[rtr] checking pings
[rtr] checking pings
[control] <- stop server request; action=
[proc] shutdown signal received
[proc] sending shutdown notice to r102
[proc] sending shutdown notice to r100
[proc] sending shutdown notice to r101
[proc] shutdown; time=Mar 18 18:30:03
[rtr] checking pings
[proc] SIGUSR1 reported
[proc] gmbh shutdown initiated
[proc] 3
[proc] sending gmbh shutdown notice to r100
[proc] could not contact client; err=rpc error: code = Unavailable desc = all SubConns are in TransientFailure, latest connection error: connection error: desc = "transport: Error while dialing dial tcp [::1]:59504: connect: connection refused"
[proc] sending gmbh shutdown notice to r101
[proc] could not contact client; err=rpc error: code = Unavailable desc = all SubConns are in TransientFailure, latest connection error: connection error: desc = "transport: Error while dialing dial tcp [::1]:59506: connect: connection refused"
[proc] sending gmbh shutdown notice to r102
[proc] could not contact client; err=rpc error: code = Unavailable desc = all SubConns are in TransientFailure, latest connection error: connection error: desc = "transport: Error while dialing dial tcp [::1]:59508: connect: connection refused"

[proc] shutdown signal received
[proc] sending shutdown notice to r102
[proc] sending shutdown notice to r101
[proc] sending shutdown notice to r100
[proc] could not contact client; err=rpc error: code = Unavailable desc = all SubConns are in TransientFailure, latest connection error: connection error: desc = "transport: Error while dialing dial tcp [::1]:59504: connect: connection refused"
[proc] could not contact client; err=rpc error: code = Unavailable desc = all SubConns are in TransientFailure, latest connection error: connection error: desc = "transport: Error while dialing dial tcp [::1]:59508: connect: connection refused"
[proc] could not contact client; err=rpc error: code = Unavailable desc = all SubConns are in TransientFailure, latest connection error: connection error: desc = "transport: Error while dialing dial tcp [::1]:59506: connect: connection refused"
[proc] shutdown; time=Mar 18 18:31:13
                    _                 
  _  ._ _  |_  |_| |_) ._ _   _ |\/| 
 (_| | | | |_) | | |   | (_) (_ |  |  
  _|                                  
[proc] serving at localhost:59500
[proc] procm is in managed mode; overriding sigusr2; ignoring sigint
[control] <- UpdateRegistration; serviceUpdate=Request:"remote.register" Message:"managed" 
[proc] registering new remote
[rtr] added new router to map=r100
[rtr] attached new remote; id=r100; address=localhost:59504
[control] sent registration response
[control] <- UpdateRegistration; serviceUpdate=Request:"remote.register" Message:"managed" 
[proc] registering new remote
[rtr] added new router to map=r101
[control] <- UpdateRegistration; serviceUpdate=Request:"remote.register" Message:"managed" 
[proc] registering new remote
[rtr] added new router to map=r102
[rtr] attached new remote; id=r102; address=localhost:59508
[control] sent registration response
[rtr] attached new remote; id=r101; address=localhost:59506
[control] sent registration response
[rtr] checking pings
[control] <- summary; action=Request:"summary.all" 
[rtr] checking pings
[rtr] checking pings
[rtr] checking pings
[rtr] checking pings
[rtr] checking pings
[rtr] checking pings
[rtr] checking pings
[rtr] checking pings
[rtr] checking pings
[rtr] checking pings
[rtr] checking pings
[rtr] checking pings
[rtr] checking pings
[rtr] checking pings
[rtr] checking pings
[rtr] checking pings
[rtr] checking pings
[rtr] checking pings
[rtr] checking pings
[rtr] checking pings
[rtr] checking pings
[rtr] checking pings
[rtr] checking pings
[rtr] checking pings
[rtr] checking pings
[rtr] checking pings
[rtr] checking pings
[rtr] checking pings
[rtr] checking pings
[rtr] checking pings
[rtr] checking pings
[rtr] checking pings
[rtr] checking pings
[rtr] checking pings
[rtr] checking pings
[rtr] checking pings
[rtr] checking pings
[rtr] checking pings
[rtr] checking pings
[rtr] checking pings
[rtr] checking pings
[rtr] checking pings
[rtr] checking pings
[rtr] checking pings
[rtr] checking pings
[rtr] checking pings
[rtr] checking pings
[rtr] checking pings
[rtr] checking pings
[rtr] checking pings
[rtr] checking pings
[rtr] checking pings
[rtr] checking pings
[rtr] checking pings
[rtr] checking pings
[rtr] checking pings
[rtr] checking pings
[rtr] checking pings
[rtr] checking pings
[rtr] checking pings
[rtr] checking pings
[rtr] checking pings
[rtr] checking pings
[rtr] checking pings
[rtr] checking pings
[rtr] checking pings
[rtr] checking pings
[rtr] checking pings
[rtr] checking pings
[rtr] checking pings
[rtr] checking pings
[rtr] checking pings
[rtr] checking pings
[rtr] checking pings
[rtr] checking pings
[rtr] checking pings
[rtr] checking pings
[rtr] checking pings
[rtr] checking pings
[rtr] checking pings
[rtr] checking pings
[rtr] checking pings
[rtr] checking pings
[rtr] checking pings
[rtr] checking pings
[rtr] checking pings
[rtr] checking pings
[rtr] checking pings
[rtr] checking pings
[rtr] checking pings
[rtr] checking pings
[rtr] checking pings
[rtr] checking pings
[rtr] checking pings
[rtr] checking pings
[rtr] checking pings
[rtr] checking pings
[rtr] checking pings
[rtr] checking pings
[rtr] checking pings
[rtr] checking pings
[rtr] checking pings
[rtr] checking pings
[rtr] checking pings
[rtr] checking pings
[rtr] checking pings
[rtr] checking pings
[rtr] checking pings
[rtr] checking pings
[rtr] checking pings
[rtr] checking pings
[rtr] checking pings
[rtr] checking pings
[rtr] checking pings
[rtr] checking pings
[rtr] checking pings
[rtr] checking pings
[rtr] checking pings
[rtr] checking pings
[rtr] checking pings
[rtr] checking pings
[rtr] checking pings
[rtr] checking pings
[rtr] checking pings
[rtr] checking pings
[rtr] checking pings
[rtr] checking pings
[rtr] checking pings
[rtr] checking pings
[rtr] checking pings
[rtr] checking pings
[rtr] checking pings
[rtr] checking pings
[rtr] checking pings
[rtr] checking pings
[rtr] checking pings
[rtr] checking pings
[rtr] checking pings
[rtr] checking pings
[rtr] checking pings
[rtr] checking pings
[rtr] checking pings
[rtr] checking pings
[rtr] checking pings
[rtr] checking pings
[rtr] checking pings
[rtr] checking pings
[rtr] checking pings
[rtr] checking pings
[rtr] checking pings
[rtr] checking pings
[rtr] checking pings
[rtr] checking pings
[rtr] checking pings
[rtr] checking pings
[rtr] checking pings
[rtr] checking pings
[rtr] checking pings
[rtr] checking pings
[rtr] checking pings
[rtr] checking pings
[rtr] checking pings
[rtr] checking pings
[rtr] checking pings
[rtr] checking pings
[rtr] checking pings
[rtr] checking pings
[rtr] checking pings
[rtr] checking pings
[rtr] checking pings
[rtr] checking pings
[rtr] checking pings
[rtr] checking pings
[rtr] checking pings
[rtr] checking pings
[rtr] checking pings
[rtr] checking pings
[rtr] checking pings
[rtr] checking pings
[rtr] checking pings
[rtr] checking pings
[rtr] checking pings
[rtr] checking pings
[rtr] checking pings
[rtr] checking pings
[rtr] checking pings
[rtr] checking pings
[rtr] checking pings
[rtr] checking pings
[rtr] checking pings
[rtr] checking pings
[rtr] checking pings
[rtr] checking pings
[rtr] checking pings
[rtr] checking pings
[rtr] checking pings
[rtr] checking pings
[rtr] checking pings
[rtr] checking pings
[rtr] checking pings
[rtr] checking pings
[rtr] checking pings
[rtr] checking pings
[rtr] checking pings
[rtr] checking pings
[rtr] checking pings
[rtr] checking pings
[rtr] checking pings
[rtr] checking pings
[rtr] checking pings
[rtr] checking pings
[rtr] checking pings
[rtr] checking pings
[rtr] checking pings
[rtr] checking pings
[rtr] checking pings
[rtr] checking pings
[rtr] checking pings
[rtr] checking pings
[rtr] checking pings
[rtr] checking pings
[rtr] checking pings
[rtr] checking pings
[rtr] checking pings
[rtr] checking pings
[rtr] checking pings
[rtr] checking pings
[rtr] checking pings
[rtr] checking pings
[rtr] checking pings
[rtr] checking pings
[proc] SIGUSR1 reported
[proc] gmbh shutdown initiated
[proc] 3
[proc] sending gmbh shutdown notice to r100
[proc] sending gmbh shutdown notice to r101
[proc] sending gmbh shutdown notice to r102

[proc] shutdown signal received
[proc] sending shutdown notice to r102
[proc] sending shutdown notice to r100
[proc] sending shutdown notice to r101
[proc] shutdown; time=Mar 18 21:25:25
                    _                 
  _  ._ _  |_  |_| |_) ._ _   _ |\/| 
 (_| | | | |_) | | |   | (_) (_ |  |  
  _|                                  
[proc] serving at localhost:59500
[proc] procm is in managed mode; overriding sigusr2; ignoring sigint
[control] <- UpdateRegistration; serviceUpdate=Request:"remote.register" Message:"managed" 
[proc] registering new remote
[rtr] added new router to map=r100
[rtr] attached new remote; id=r100; address=localhost:59504
[control] sent registration response
[control] <- UpdateRegistration; serviceUpdate=Request:"remote.register" Message:"managed" 
[proc] registering new remote
[rtr] added new router to map=r101
[rtr] attached new remote; id=r101; address=localhost:59506
[control] sent registration response
[control] <- UpdateRegistration; serviceUpdate=Request:"remote.register" Message:"managed" 
[proc] registering new remote
[rtr] added new router to map=r102
[rtr] attached new remote; id=r102; address=localhost:59508
[control] sent registration response
[rtr] checking pings
[control] <- summary; action=Request:"summary.all" 
[rtr] checking pings
[rtr] checking pings
[rtr] checking pings
[rtr] checking pings
[rtr] checking pings
[rtr] checking pings
[rtr] checking pings
[rtr] checking pings
[rtr] checking pings
[rtr] checking pings
[rtr] checking pings
[rtr] checking pings
[rtr] checking pings
[rtr] checking pings
[rtr] checking pings
[rtr] checking pings
[rtr] checking pings
[rtr] checking pings
[rtr] checking pings
[rtr] checking pings
[rtr] checking pings
[rtr] checking pings
[rtr] checking pings
[rtr] checking pings
[rtr] checking pings
[rtr] checking pings
[rtr] checking pings
[rtr] checking pings
[rtr] checking pings
[rtr] checking pings
[rtr] checking pings
[rtr] checking pings
[rtr] checking pings
[rtr] checking pings
[rtr] checking pings
[rtr] checking pings
[rtr] checking pings
[proc] SIGUSR1 reported
[proc] gmbh shutdown initiated
[proc] 3
[proc] sending gmbh shutdown notice to r102
[proc] sending gmbh shutdown notice to r100
[proc] sending gmbh shutdown notice to r101

[proc] shutdown signal received
[proc] sending shutdown notice to r102
[proc] sending shutdown notice to r101
[proc] sending shutdown notice to r100
[proc] shutdown; time=Mar 20 13:49:15
                    _                 
  _  ._ _  |_  |_| |_) ._ _   _ |\/| 
 (_| | | | |_) | | |   | (_) (_ |  |  
  _|                                  
version=0.9.5
[proc] serving at 127.0.0.1:59500
[proc] procm is in managed mode; overriding sigusr2; ignoring sigint
[control] <- UpdateRegistration; serviceUpdate=Request:"remote.register" Message:"managed" 
[proc] registering new remote
[control] <- UpdateRegistration; serviceUpdate=Request:"remote.register" Message:"managed" 
[proc] registering new remote
[rtr] added new router to map=r101
[rtr] attached new remote; id=r101; address=localhost:59506
[control] sent registration response
[control] <- UpdateRegistration; serviceUpdate=Request:"remote.register" Message:"managed" 
[proc] registering new remote
[rtr] added new router to map=r102
[rtr] attached new remote; id=r102; address=localhost:59508
[control] sent registration response
[rtr] added new router to map=r100
[rtr] attached new remote; id=r100; address=localhost:59504
[control] sent registration response
[proc] SIGUSR1 reported
[proc] gmbh shutdown initiated
[proc] 3
[proc] sending gmbh shutdown notice to r101
[proc] sending gmbh shutdown notice to r102
[proc] sending gmbh shutdown notice to r100

[proc] shutdown signal received
[proc] sending shutdown notice to r100
[proc] sending shutdown notice to r101
[proc] sending shutdown notice to r102
[control] <- UpdateRegistration; serviceUpdate=Request:"shutdown.notif" Message:"r100" 
[rtr] marking shutdown; id=r100
[control] <- UpdateRegistration; serviceUpdate=Request:"shutdown.notif" Message:"r101" 
[rtr] marking shutdown; id=r101
[proc] could not contact client; err=rpc error: code = Unavailable desc = transport is closing
[proc] shutdown; time=Mar 20 15:00:31
                    _                 
  _  ._ _  |_  |_| |_) ._ _   _ |\/| 
 (_| | | | |_) | | |   | (_) (_ |  |  
  _|                                  
version=0.9.5
[proc] serving at 127.0.0.1:59500
[proc] procm is in managed mode; overriding sigusr2; ignoring sigint
[control] <- UpdateRegistration; serviceUpdate=Request:"remote.register" Message:"managed" 
[proc] registering new remote
[rtr] added new router to map=r100
[rtr] attached new remote; id=r100; address=localhost:59504
[control] sent registration response
[control] <- UpdateRegistration; serviceUpdate=Request:"remote.register" Message:"managed" 
[proc] registering new remote
[rtr] added new router to map=r101
[rtr] attached new remote; id=r101; address=localhost:59506
[control] sent registration response
[control] <- UpdateRegistration; serviceUpdate=Request:"remote.register" Message:"managed" 
[proc] registering new remote
[rtr] added new router to map=r102
[rtr] attached new remote; id=r102; address=localhost:59508
[control] sent registration response
[proc] SIGUSR1 reported
[proc] gmbh shutdown initiated
[proc] 3
[proc] sending gmbh shutdown notice to r100
[proc] sending gmbh shutdown notice to r101
[proc] sending gmbh shutdown notice to r102

[proc] shutdown signal received
[proc] sending shutdown notice to r102
[proc] sending shutdown notice to r100
[proc] sending shutdown notice to r101
[proc] shutdown; time=Mar 20 15:39:04
                    _                 
  _  ._ _  |_  |_| |_) ._ _   _ |\/| 
 (_| | | | |_) | | |   | (_) (_ |  |  
  _|                                  
version=0.9.5
[proc] serving at localhost:49500
[proc] procm is in managed mode; overriding sigusr2; ignoring sigint
[control] <- UpdateRegistration; serviceUpdate=Request:"remote.register" Message:"managed" 
[proc] registering new remote
[rtr] added new router to map=r100
[rtr] attached new remote; id=r100; address=localhost:59504
[control] sent registration response
[control] <- UpdateRegistration; serviceUpdate=Request:"remote.register" Message:"managed" 
[proc] registering new remote
[rtr] added new router to map=r101
[rtr] attached new remote; id=r101; address=localhost:59506
[control] <- UpdateRegistration; serviceUpdate=Request:"remote.register" Message:"managed" 
[proc] registering new remote
[rtr] added new router to map=r102
[rtr] attached new remote; id=r102; address=localhost:59508
[control] sent registration response
[control] sent registration response
[proc] SIGUSR1 reported
[proc] gmbh shutdown initiated
[proc] 3
[proc] sending gmbh shutdown notice to r100
[proc] sending gmbh shutdown notice to r101
[proc] sending gmbh shutdown notice to r102

[proc] shutdown signal received
[proc] sending shutdown notice to r102
[proc] sending shutdown notice to r100
[proc] sending shutdown notice to r101
[proc] shutdown; time=Mar 21 10:27:13
                    _                 
  _  ._ _  |_  |_| |_) ._ _   _ |\/| 
 (_| | | | |_) | | |   | (_) (_ |  |  
  _|                                  
version=0.9.5
[proc] serving at localhost:49500
[proc] procm is in managed mode; overriding sigusr2; ignoring sigint
[control] <- UpdateRegistration; serviceUpdate=Request:"remote.register" Message:"managed" 
[proc] registering new remote
[rtr] added new router to map=r100
[rtr] attached new remote; id=r100; address=localhost:59504
[control] sent registration response
[control] <- UpdateRegistration; serviceUpdate=Request:"remote.register" Message:"managed" 
[proc] registering new remote
[rtr] added new router to map=r101
[rtr] attached new remote; id=r101; address=localhost:59506
[control] sent registration response
[control] <- UpdateRegistration; serviceUpdate=Request:"remote.register" Message:"managed" 
[proc] registering new remote
[rtr] added new router to map=r102
[rtr] attached new remote; id=r102; address=localhost:59508
[control] sent registration response
[proc] SIGUSR1 reported
[proc] gmbh shutdown initiated
[proc] 3
[proc] sending gmbh shutdown notice to r102
[proc] sending gmbh shutdown notice to r100
[proc] sending gmbh shutdown notice to r101

[proc] shutdown signal received
[proc] sending shutdown notice to r102
[proc] sending shutdown notice to r101
[proc] sending shutdown notice to r100
[proc] shutdown; time=Mar 21 10:29:25
                    _                 
  _  ._ _  |_  |_| |_) ._ _   _ |\/| 
 (_| | | | |_) | | |   | (_) (_ |  |  
  _|                                  
version=0.9.5
[proc] serving at localhost:49500
[proc] procm is in managed mode; overriding sigusr2; ignoring sigint
[control] <- UpdateRegistration; serviceUpdate=Request:"remote.register" Message:"managed" 
[proc] registering new remote
[rtr] added new router to map=r100
[rtr] attached new remote; id=r100; address=localhost:59504
[control] sent registration response
[control] <- UpdateRegistration; serviceUpdate=Request:"remote.register" Message:"managed" 
[proc] registering new remote
[rtr] added new router to map=r101
[rtr] attached new remote; id=r101; address=localhost:59506
[control] sent registration response
[control] <- UpdateRegistration; serviceUpdate=Request:"remote.register" Message:"managed" 
[proc] registering new remote
[rtr] added new router to map=r102
[rtr] attached new remote; id=r102; address=localhost:59508
[control] sent registration response
[proc] SIGUSR1 reported
[proc] gmbh shutdown initiated
[proc] 3
[proc] sending gmbh shutdown notice to r100
[proc] sending gmbh shutdown notice to r101
[proc] sending gmbh shutdown notice to r102

[proc] shutdown signal received
[proc] sending shutdown notice to r102
[proc] sending shutdown notice to r100
[proc] sending shutdown notice to r101
[proc] shutdown; time=Mar 21 10:29:48
                    _                 
  _  ._ _  |_  |_| |_) ._ _   _ |\/| 
 (_| | | | |_) | | |   | (_) (_ |  |  
  _|                                  
version=0.9.5
[proc] serving at localhost:59500
[proc] procm is in managed mode; overriding sigusr2; ignoring sigint
[control] <- UpdateRegistration; serviceUpdate=Request:"remote.register" Message:"managed" 
[proc] registering new remote
[rtr] added new router to map=r100
[rtr] attached new remote; id=r100; address=localhost:59504
[control] sent registration response
[control] <- UpdateRegistration; serviceUpdate=Request:"remote.register" Message:"managed" 
[proc] registering new remote
[rtr] added new router to map=r101
[rtr] attached new remote; id=r101; address=localhost:59506
[control] sent registration response
[control] <- UpdateRegistration; serviceUpdate=Request:"remote.register" Message:"managed" 
[proc] registering new remote
[rtr] added new router to map=r102
[rtr] attached new remote; id=r102; address=localhost:59508
[control] sent registration response
[rtr] checking pings
[rtr] checking pings
[rtr] checking pings
[rtr] checking pings
[rtr] checking pings
[rtr] checking pings
[control] <- (nil)pong; could not verify: r101
[control] <- (nil)pong; could not verify: r102
[rtr] attempted to lookkup up remote with id=r103; not found
[control] <- (nil)pong; could not verify: r103
[control] <- UpdateRegistration; serviceUpdate=Request:"remote.register" Message:"managed" 
[proc] registering new remote
[rtr] added new router to map=r103
[rtr] attached new remote; id=r103; address=localhost:59510
[control] sent registration response
[control] <- UpdateRegistration; serviceUpdate=Request:"remote.register" Message:"managed" 
[proc] registering new remote
[rtr] added new router to map=r104
[rtr] attached new remote; id=r104; address=localhost:59512
[control] sent registration response
[control] <- UpdateRegistration; serviceUpdate=Request:"remote.register" Message:"managed" 
[proc] registering new remote
[rtr] added new router to map=r105
[rtr] attached new remote; id=r105; address=localhost:59514
[control] sent registration response
[rtr] checking pings
[rtr] removing r100
[rtr] removing r101
[rtr] removing r102
[rtr] checking pings
[rtr] checking pings
[rtr] checking pings
[rtr] checking pings
[rtr] checking pings
[rtr] checking pings
[rtr] checking pings
[rtr] checking pings
[rtr] checking pings
[rtr] checking pings
[rtr] checking pings
[proc] SIGUSR1 reported
[proc] gmbh shutdown initiated
[proc] 3
[proc] sending gmbh shutdown notice to r103
[proc] sending gmbh shutdown notice to r104
[proc] sending gmbh shutdown notice to r105

[proc] shutdown signal received
[proc] sending shutdown notice to r105
[proc] sending shutdown notice to r104
[control] <- UpdateRegistration; serviceUpdate=Request:"shutdown.notif" Message:"r105" 
[rtr] marking shutdown; id=r105
[proc] sending shutdown notice to r103
[proc] could not contact client; err=rpc error: code = Unavailable desc = transport is closing
[proc] shutdown; time=Mar 21 10:45:00
                    _                 
  _  ._ _  |_  |_| |_) ._ _   _ |\/| 
 (_| | | | |_) | | |   | (_) (_ |  |  
  _|                                  
[proc] version=0.9.5
[proc] env=; address=localhost:59500
[proc] procm is in managed mode; overriding sigusr2; ignoring sigint
[control] <- UpdateRegistration; serviceUpdate=Request:"remote.register" Message:"managed" 
[proc] registering new remote
[rtr] added new router to map=r100
[rtr] attached new remote; id=r100; address=localhost:59504
[control] sent registration response
[control] <- UpdateRegistration; serviceUpdate=Request:"remote.register" Message:"managed" 
[proc] registering new remote
[rtr] added new router to map=r101
[rtr] attached new remote; id=r101; address=localhost:59506
[control] sent registration response
[control] <- UpdateRegistration; serviceUpdate=Request:"remote.register" Message:"managed" 
[proc] registering new remote
[rtr] added new router to map=r102
[rtr] attached new remote; id=r102; address=localhost:59508
[control] sent registration response
[control] <- UpdateRegistration; serviceUpdate=Request:"remote.register" Message:"managed" 
[proc] registering new remote
[rtr] added new router to map=r103
[rtr] attached new remote; id=r103; address=localhost:59510
[control] sent registration response
[rtr] checking pings
[rtr] checking pings
[rtr] checking pings
[rtr] checking pings
[rtr] checking pings
[rtr] checking pings
[rtr] checking pings
[proc] SIGUSR1 reported
[proc] gmbh shutdown initiated
[proc] 4
[proc] sending gmbh shutdown notice to r102
[proc] sending gmbh shutdown notice to r103
[proc] sending gmbh shutdown notice to r100
[proc] sending gmbh shutdown notice to r101

[proc] shutdown signal received
[proc] sending shutdown notice to r100
[proc] sending shutdown notice to r102
[proc] sending shutdown notice to r103
[proc] sending shutdown notice to r101
[proc] shutdown; time=Mar 21 12:14:13
                    _                 
  _  ._ _  |_  |_| |_) ._ _   _ |\/| 
 (_| | | | |_) | | |   | (_) (_ |  |  
  _|                                  
[proc] version=0.9.5
[proc] env=; address=localhost:59500
[proc] procm is in managed mode; overriding sigusr2; ignoring sigint
[control] <- UpdateRegistration; serviceUpdate=Request:"remote.register" Message:"managed" 
[proc] registering new remote
[rtr] added new router to map=r100
[rtr] attached new remote; id=r100; address=localhost:59504
[control] <- UpdateRegistration; serviceUpdate=Request:"remote.register" Message:"managed" 
[proc] registering new remote
[rtr] added new router to map=r101
[rtr] attached new remote; id=r101; address=localhost:59506
[control] sent registration response
[control] sent registration response
[control] <- UpdateRegistration; serviceUpdate=Request:"remote.register" Message:"managed" 
[proc] registering new remote
[rtr] added new router to map=r102
[rtr] attached new remote; id=r102; address=localhost:59508
[control] sent registration response
[proc] SIGUSR1 reported
[proc] gmbh shutdown initiated
[proc] 3
[proc] sending gmbh shutdown notice to r100
[proc] sending gmbh shutdown notice to r101
[proc] sending gmbh shutdown notice to r102

[proc] shutdown signal received
[proc] sending shutdown notice to r102
[proc] sending shutdown notice to r101
[proc] sending shutdown notice to r100
[proc] could not contact client; err=rpc error: code = Unavailable desc = transport is closing
[proc] could not contact client; err=rpc error: code = Unavailable desc = transport is closing
[proc] shutdown; time=Mar 21 16:22:11
