                    _                 
  _  ._ _  |_  |_| |_) ._ _   _ |\/| 
 (_| | | | |_) | | |   | (_) (_ |  |  
  _|                                  
[proc] serving at localhost:59500
[proc] procm is in managed mode; overriding sigusr2; ignoring sigint
[control] <- UpdateRegistration; serviceUpdate=Request:"remote.register" Message:"managed" 
[proc] registering new remote
[rtr] added new router to map=r100
[rtr] attached new remote; id=r100; address=localhost:59504
[control] sent registration response
[control] <- UpdateRegistration; serviceUpdate=Request:"remote.register" Message:"managed" 
[proc] registering new remote
[rtr] added new router to map=r101
[rtr] attached new remote; id=r101; address=localhost:59506
[control] sent registration response
[rtr] checking pings
[rtr] checking pings
[proc] SIGUSR1 reported
[proc] gmbh shutdown initiated
[proc] 2
[proc] sending gmbh shutdown notice to r100
[proc] sending gmbh shutdown notice to r101

[proc] shutdown signal received
[proc] sending shutdown notice to r101
[proc] sending shutdown notice to r100
[proc] shutdown; time=Feb 21 19:30:02
                    _                 
  _  ._ _  |_  |_| |_) ._ _   _ |\/| 
 (_| | | | |_) | | |   | (_) (_ |  |  
  _|                                  
[proc] serving at localhost:59500
[proc] procm is in managed mode; overriding sigusr2; ignoring sigint
[control] <- UpdateRegistration; serviceUpdate=Request:"remote.register" Message:"managed" 
[proc] registering new remote
[rtr] added new router to map=r100
[rtr] attached new remote; id=r100; address=localhost:59504
[control] sent registration response
[control] <- UpdateRegistration; serviceUpdate=Request:"remote.register" Message:"managed" 
[proc] registering new remote
[rtr] added new router to map=r101
[rtr] attached new remote; id=r101; address=localhost:59506
[control] sent registration response
[control] <- summary; action=Request:"summary.all" 
[rtr] checking pings
[proc] SIGUSR1 reported
[proc] gmbh shutdown initiated
[proc] 2
[proc] sending gmbh shutdown notice to r100
[proc] sending gmbh shutdown notice to r101

[proc] shutdown signal received
[proc] sending shutdown notice to r100
[proc] sending shutdown notice to r101
[proc] shutdown; time=Feb 21 19:33:10
                    _                 
  _  ._ _  |_  |_| |_) ._ _   _ |\/| 
 (_| | | | |_) | | |   | (_) (_ |  |  
  _|                                  
[proc] serving at localhost:59500
[proc] procm is in managed mode; overriding sigusr2; ignoring sigint
[control] <- UpdateRegistration; serviceUpdate=Request:"remote.register" Message:"managed" 
[proc] registering new remote
[rtr] added new router to map=r100
[control] <- UpdateRegistration; serviceUpdate=Request:"remote.register" Message:"managed" 
[proc] registering new remote
[rtr] attached new remote; id=r100; address=localhost:59504
[control] sent registration response
[rtr] added new router to map=r101
[rtr] attached new remote; id=r101; address=localhost:59506
[control] sent registration response
[control] <- summary; action=Request:"summary.all" 
[rtr] checking pings
[rtr] checking pings
[rtr] checking pings
[rtr] checking pings
[rtr] checking pings
[rtr] checking pings
[rtr] checking pings
[rtr] checking pings
[rtr] checking pings
[rtr] checking pings
[rtr] checking pings
[rtr] checking pings
[rtr] checking pings
[rtr] checking pings
[rtr] checking pings
[rtr] checking pings
[rtr] checking pings
[rtr] checking pings
[rtr] checking pings
[rtr] checking pings
[rtr] checking pings
[rtr] checking pings
[rtr] checking pings
[rtr] checking pings
[rtr] checking pings
[rtr] checking pings
[rtr] checking pings
[rtr] checking pings
[rtr] checking pings
[rtr] checking pings
[rtr] checking pings
[rtr] checking pings
[rtr] checking pings
[rtr] checking pings
[rtr] checking pings
[rtr] checking pings
[rtr] checking pings
[rtr] checking pings
[rtr] checking pings
[rtr] checking pings
[rtr] checking pings
[rtr] checking pings
[rtr] checking pings
[rtr] checking pings
[rtr] checking pings
[rtr] checking pings
[rtr] checking pings
[rtr] checking pings
[rtr] checking pings
[rtr] checking pings
[rtr] checking pings
[rtr] checking pings
[rtr] checking pings
[rtr] checking pings
[rtr] checking pings
[rtr] checking pings
[rtr] checking pings
[rtr] checking pings
[rtr] checking pings
[rtr] checking pings
[rtr] checking pings
[rtr] checking pings
[control] <- summary; action=Request:"summary.all" 
[rtr] checking pings
[rtr] checking pings
[rtr] checking pings
[rtr] checking pings
[rtr] checking pings
[rtr] checking pings
[rtr] checking pings
[rtr] checking pings
[rtr] checking pings
[rtr] checking pings
[rtr] checking pings
[rtr] checking pings
[rtr] checking pings
[rtr] checking pings
[rtr] checking pings
[rtr] checking pings
[rtr] checking pings
[rtr] checking pings
[rtr] checking pings
[rtr] checking pings
[rtr] checking pings
[rtr] checking pings
[rtr] checking pings
[rtr] checking pings
[rtr] checking pings
[rtr] checking pings
[rtr] checking pings
[rtr] checking pings
[rtr] checking pings
[rtr] checking pings
[rtr] checking pings
[rtr] checking pings
[rtr] checking pings
[rtr] checking pings
[rtr] checking pings
[rtr] checking pings
[rtr] checking pings
[rtr] checking pings
[rtr] checking pings
[rtr] checking pings
[rtr] checking pings
[rtr] checking pings
[rtr] checking pings
[rtr] checking pings
[rtr] checking pings
[rtr] checking pings
[rtr] checking pings
[rtr] checking pings
[rtr] checking pings
[rtr] checking pings
[rtr] checking pings
[rtr] checking pings
[rtr] checking pings
[rtr] checking pings
[rtr] checking pings
[rtr] checking pings
[rtr] checking pings
[rtr] checking pings
[rtr] checking pings
[rtr] checking pings
[rtr] checking pings
[rtr] checking pings
[rtr] checking pings
[rtr] checking pings
[rtr] checking pings
[rtr] checking pings
[rtr] checking pings
[rtr] checking pings
[rtr] checking pings
[rtr] checking pings
[rtr] checking pings
[rtr] checking pings
[rtr] checking pings
[rtr] checking pings
[rtr] checking pings
[rtr] checking pings
[rtr] checking pings
[rtr] checking pings
[rtr] checking pings
[rtr] checking pings
[rtr] checking pings
[rtr] checking pings
[rtr] checking pings
[rtr] checking pings
[rtr] checking pings
[rtr] checking pings
[rtr] checking pings
[rtr] checking pings
[rtr] checking pings
[rtr] checking pings
[rtr] checking pings
[rtr] checking pings
[rtr] checking pings
[rtr] checking pings
[rtr] checking pings
[rtr] checking pings
[rtr] checking pings
[rtr] checking pings
[rtr] checking pings
[rtr] checking pings
[rtr] checking pings
[rtr] checking pings
[rtr] checking pings
[rtr] checking pings
[rtr] checking pings
[rtr] checking pings
[rtr] checking pings
[rtr] checking pings
[rtr] checking pings
[rtr] checking pings
[rtr] checking pings
[rtr] checking pings
[rtr] checking pings
[rtr] checking pings
[rtr] checking pings
[rtr] checking pings
[rtr] checking pings
[rtr] checking pings
[rtr] checking pings
[rtr] checking pings
[rtr] checking pings
[rtr] checking pings
[rtr] checking pings
[rtr] checking pings
[rtr] checking pings
[rtr] checking pings
[rtr] checking pings
[rtr] checking pings
[rtr] checking pings
[rtr] checking pings
[rtr] checking pings
[rtr] checking pings
[rtr] checking pings
[rtr] checking pings
[rtr] checking pings
[rtr] checking pings
[rtr] checking pings
[rtr] checking pings
[rtr] checking pings
[rtr] checking pings
[rtr] checking pings
[rtr] checking pings
[rtr] checking pings
[rtr] checking pings
[rtr] checking pings
[rtr] checking pings
[rtr] checking pings
[rtr] checking pings
[rtr] checking pings
[rtr] checking pings
[rtr] checking pings
[rtr] checking pings
[rtr] checking pings
[rtr] checking pings
[rtr] checking pings
[rtr] checking pings
[rtr] checking pings
[rtr] checking pings
[rtr] checking pings
[rtr] checking pings
[rtr] checking pings
[rtr] checking pings
[rtr] checking pings
[rtr] checking pings
[rtr] checking pings
[rtr] checking pings
[rtr] checking pings
[rtr] checking pings
[rtr] checking pings
[rtr] checking pings
[rtr] checking pings
[rtr] checking pings
[rtr] checking pings
[rtr] checking pings
[rtr] checking pings
[rtr] checking pings
[rtr] checking pings
[rtr] checking pings
[rtr] checking pings
[rtr] checking pings
[rtr] checking pings
[rtr] checking pings
[rtr] checking pings
[rtr] checking pings
[rtr] checking pings
[rtr] checking pings
[rtr] checking pings
[rtr] checking pings
[rtr] checking pings
[rtr] checking pings
[rtr] checking pings
[rtr] checking pings
[rtr] checking pings
[rtr] checking pings
[rtr] checking pings
[rtr] checking pings
[rtr] checking pings
[rtr] checking pings
[rtr] checking pings
[rtr] checking pings
[rtr] checking pings
[rtr] checking pings
[rtr] checking pings
[rtr] checking pings
[rtr] checking pings
[rtr] checking pings
[rtr] checking pings
[rtr] checking pings
[rtr] checking pings
[rtr] checking pings
[rtr] checking pings
[rtr] checking pings
[rtr] checking pings
[rtr] checking pings
[rtr] checking pings
[rtr] checking pings
[rtr] checking pings
[rtr] checking pings
[rtr] checking pings
[rtr] checking pings
[rtr] checking pings
[rtr] checking pings
[rtr] checking pings
[rtr] checking pings
[rtr] checking pings
[rtr] checking pings
[rtr] checking pings
[rtr] checking pings
[rtr] checking pings
[rtr] checking pings
[rtr] checking pings
[rtr] checking pings
[rtr] checking pings
[rtr] checking pings
[rtr] checking pings
[rtr] checking pings
[rtr] checking pings
[rtr] checking pings
[rtr] checking pings
[rtr] checking pings
[rtr] checking pings
[rtr] checking pings
[rtr] checking pings
[rtr] checking pings
[rtr] checking pings
[rtr] checking pings
[rtr] checking pings
[rtr] checking pings
[rtr] checking pings
[rtr] checking pings
[rtr] checking pings
[rtr] checking pings
[rtr] checking pings
[rtr] checking pings
[rtr] checking pings
[rtr] checking pings
[rtr] checking pings
[rtr] checking pings
[rtr] checking pings
[rtr] checking pings
[rtr] checking pings
[rtr] checking pings
[rtr] checking pings
[rtr] checking pings
[rtr] checking pings
[rtr] checking pings
[rtr] checking pings
[rtr] checking pings
[rtr] checking pings
[rtr] checking pings
[rtr] checking pings
[rtr] checking pings
[rtr] checking pings
[rtr] checking pings
[rtr] checking pings
[rtr] checking pings
[rtr] checking pings
[rtr] checking pings
[rtr] checking pings
[rtr] checking pings
[rtr] checking pings
[rtr] checking pings
[rtr] checking pings
[rtr] checking pings
[rtr] checking pings
[rtr] checking pings
[rtr] checking pings
[rtr] checking pings
[rtr] checking pings
[rtr] checking pings
[rtr] checking pings
[rtr] checking pings
[rtr] checking pings
[rtr] checking pings
[rtr] checking pings
[rtr] checking pings
[rtr] checking pings
[rtr] checking pings
[rtr] checking pings
[rtr] checking pings
[rtr] checking pings
[rtr] checking pings
[rtr] checking pings
[rtr] checking pings
[rtr] checking pings
[rtr] checking pings
[rtr] checking pings
[rtr] checking pings
[rtr] checking pings
[rtr] checking pings
[rtr] checking pings
[rtr] checking pings
[rtr] checking pings
[rtr] checking pings
[rtr] checking pings
[rtr] checking pings
[rtr] checking pings
[rtr] checking pings
[rtr] checking pings
[rtr] checking pings
[rtr] checking pings
[rtr] checking pings
[rtr] checking pings
[rtr] checking pings
[rtr] checking pings
[rtr] checking pings
[rtr] checking pings
[rtr] checking pings
[rtr] checking pings
[rtr] checking pings
[rtr] checking pings
[rtr] checking pings
[rtr] checking pings
[rtr] checking pings
[rtr] checking pings
[rtr] checking pings
[rtr] checking pings
[rtr] checking pings
[rtr] checking pings
[rtr] checking pings
[rtr] checking pings
[rtr] checking pings
[rtr] checking pings
[rtr] checking pings
[rtr] checking pings
[rtr] checking pings
[rtr] checking pings
[rtr] checking pings
[rtr] checking pings
[rtr] checking pings
[rtr] checking pings
[rtr] checking pings
[rtr] checking pings
[rtr] checking pings
[rtr] checking pings
[rtr] checking pings
[rtr] checking pings
[rtr] checking pings
[rtr] checking pings
[rtr] checking pings
[rtr] checking pings
[rtr] checking pings
[rtr] checking pings
[rtr] checking pings
[rtr] checking pings
[rtr] checking pings
[rtr] checking pings
[rtr] checking pings
[rtr] checking pings
[rtr] checking pings
[rtr] checking pings
[rtr] checking pings
[rtr] checking pings
[rtr] checking pings
[rtr] checking pings
[rtr] checking pings
[rtr] checking pings
[rtr] checking pings
[rtr] checking pings
[rtr] checking pings
[rtr] checking pings
[rtr] checking pings
[rtr] checking pings
[rtr] checking pings
[rtr] checking pings
[rtr] checking pings
[rtr] checking pings
[rtr] checking pings
[rtr] checking pings
[rtr] checking pings
[rtr] checking pings
[rtr] checking pings
[rtr] checking pings
[rtr] checking pings
[rtr] checking pings
[rtr] checking pings
[rtr] checking pings
[rtr] checking pings
[rtr] checking pings
[rtr] checking pings
[rtr] checking pings
[rtr] checking pings
[rtr] checking pings
[rtr] checking pings
[rtr] checking pings
[rtr] checking pings
[rtr] checking pings
[rtr] checking pings
[rtr] checking pings
[rtr] checking pings
[rtr] checking pings
[rtr] checking pings
[rtr] checking pings
[rtr] checking pings
[rtr] checking pings
[rtr] checking pings
[rtr] checking pings
[rtr] checking pings
[rtr] checking pings
[rtr] checking pings
[rtr] checking pings
[rtr] checking pings
[rtr] checking pings
[rtr] checking pings
[rtr] checking pings
[rtr] checking pings
[rtr] checking pings
[rtr] checking pings
[rtr] checking pings
[rtr] checking pings
[rtr] checking pings
[rtr] checking pings
[rtr] checking pings
[rtr] checking pings
[rtr] checking pings
[rtr] checking pings
[rtr] checking pings
[rtr] checking pings
[rtr] checking pings
[rtr] checking pings
[rtr] checking pings
[rtr] checking pings
[rtr] checking pings
[rtr] checking pings
[rtr] checking pings
[rtr] checking pings
[rtr] checking pings
[rtr] checking pings
[rtr] checking pings
[rtr] checking pings
[rtr] checking pings
[rtr] checking pings
[rtr] checking pings
[rtr] checking pings
[rtr] checking pings
[rtr] checking pings
[rtr] checking pings
[rtr] checking pings
[rtr] checking pings
[rtr] checking pings
[rtr] checking pings
[rtr] checking pings
[rtr] checking pings
[rtr] checking pings
[rtr] checking pings
[rtr] checking pings
[rtr] checking pings
[rtr] checking pings
[rtr] checking pings
[rtr] checking pings
[rtr] checking pings
[rtr] checking pings
[rtr] checking pings
[rtr] checking pings
[rtr] checking pings
[rtr] checking pings
[rtr] checking pings
[rtr] checking pings
[rtr] checking pings
[rtr] checking pings
[rtr] checking pings
[rtr] checking pings
[rtr] checking pings
[rtr] checking pings
[rtr] checking pings
[rtr] checking pings
[rtr] checking pings
[rtr] checking pings
[rtr] checking pings
[rtr] checking pings
[rtr] checking pings
[rtr] checking pings
[rtr] checking pings
[rtr] checking pings
[rtr] checking pings
[rtr] checking pings
[rtr] checking pings
[rtr] checking pings
[rtr] checking pings
[rtr] checking pings
[rtr] checking pings
[rtr] checking pings
[rtr] checking pings
[rtr] checking pings
[rtr] checking pings
[rtr] checking pings
[rtr] checking pings
[rtr] checking pings
[rtr] checking pings
[rtr] checking pings
[rtr] checking pings
[rtr] checking pings
[rtr] checking pings
[rtr] checking pings
[rtr] checking pings
[rtr] checking pings
[rtr] checking pings
[rtr] checking pings
[rtr] checking pings
[rtr] checking pings
[rtr] checking pings
[rtr] checking pings
[rtr] checking pings
[rtr] checking pings
[rtr] checking pings
[rtr] checking pings
[rtr] checking pings
[rtr] checking pings
[rtr] checking pings
[rtr] checking pings
[rtr] checking pings
[rtr] checking pings
[rtr] checking pings
[rtr] checking pings
[rtr] checking pings
[rtr] checking pings
[rtr] checking pings
[rtr] checking pings
[rtr] checking pings
[rtr] checking pings
[rtr] checking pings
[rtr] checking pings
[rtr] checking pings
[rtr] checking pings
[rtr] checking pings
[rtr] checking pings
[rtr] checking pings
[rtr] checking pings
[rtr] checking pings
[rtr] checking pings
[rtr] checking pings
[rtr] checking pings
[rtr] checking pings
[rtr] checking pings
[rtr] checking pings
[rtr] checking pings
[rtr] checking pings
[rtr] checking pings
[rtr] checking pings
[rtr] checking pings
[rtr] checking pings
[rtr] checking pings
[rtr] checking pings
[rtr] checking pings
[rtr] checking pings
[rtr] checking pings
[rtr] checking pings
[rtr] checking pings
[rtr] checking pings
[rtr] checking pings
[rtr] checking pings
[rtr] checking pings
[rtr] checking pings
[rtr] checking pings
[rtr] checking pings
[rtr] checking pings
[rtr] checking pings
[rtr] checking pings
[rtr] checking pings
[rtr] checking pings
[rtr] checking pings
[rtr] checking pings
[rtr] checking pings
[rtr] checking pings
[rtr] checking pings
[rtr] checking pings
[rtr] checking pings
[rtr] checking pings
[rtr] checking pings
[rtr] checking pings
[rtr] checking pings
[rtr] checking pings
[rtr] checking pings
[rtr] checking pings
[rtr] checking pings
[rtr] checking pings
[rtr] checking pings
[rtr] checking pings
[rtr] checking pings
[rtr] checking pings
[rtr] checking pings
[rtr] checking pings
[rtr] checking pings
[rtr] checking pings
[rtr] checking pings
[rtr] checking pings
[rtr] checking pings
[rtr] checking pings
[rtr] checking pings
[rtr] checking pings
[rtr] checking pings
[rtr] checking pings
[rtr] checking pings
[rtr] checking pings
[rtr] checking pings
[rtr] checking pings
[rtr] checking pings
[rtr] checking pings
[rtr] checking pings
[rtr] checking pings
[rtr] checking pings
[rtr] checking pings
[rtr] checking pings
[rtr] checking pings
[rtr] checking pings
[rtr] checking pings
[rtr] checking pings
[rtr] checking pings
[rtr] checking pings
[rtr] checking pings
[rtr] checking pings
[rtr] checking pings
[rtr] checking pings
[rtr] checking pings
[rtr] checking pings
[rtr] checking pings
[rtr] checking pings
[rtr] checking pings
[rtr] checking pings
[rtr] checking pings
[rtr] checking pings
[rtr] checking pings
[rtr] checking pings
[rtr] checking pings
[rtr] checking pings
[rtr] checking pings
[rtr] checking pings
[rtr] checking pings
[rtr] checking pings
[rtr] checking pings
[rtr] checking pings
[rtr] checking pings
[rtr] checking pings
[rtr] checking pings
[rtr] checking pings
[rtr] checking pings
[rtr] checking pings
[rtr] checking pings
[rtr] checking pings
[rtr] checking pings
[rtr] checking pings
[rtr] checking pings
[rtr] checking pings
[rtr] checking pings
[rtr] checking pings
[rtr] checking pings
[rtr] checking pings
[rtr] checking pings
[rtr] checking pings
[rtr] checking pings
[rtr] checking pings
[rtr] checking pings
[rtr] checking pings
[rtr] checking pings
[rtr] checking pings
[rtr] checking pings
[rtr] checking pings
[rtr] checking pings
[rtr] checking pings
[rtr] checking pings
[rtr] checking pings
[rtr] checking pings
[rtr] checking pings
[rtr] checking pings
[rtr] checking pings
[rtr] checking pings
[rtr] checking pings
[rtr] checking pings
[rtr] checking pings
[rtr] checking pings
[rtr] checking pings
[rtr] checking pings
[rtr] checking pings
[rtr] checking pings
[rtr] checking pings
[rtr] checking pings
[rtr] checking pings
[rtr] checking pings
[rtr] checking pings
[rtr] checking pings
[rtr] checking pings
[rtr] checking pings
[rtr] checking pings
[rtr] checking pings
[rtr] checking pings
[rtr] checking pings
[rtr] checking pings
[rtr] checking pings
[rtr] checking pings
[rtr] checking pings
[rtr] checking pings
[rtr] checking pings
[rtr] checking pings
[rtr] checking pings
[rtr] checking pings
[rtr] checking pings
[rtr] checking pings
[rtr] checking pings
[rtr] checking pings
[rtr] checking pings
[rtr] checking pings
[rtr] checking pings
[rtr] checking pings
[rtr] checking pings
[rtr] checking pings
[rtr] checking pings
[rtr] checking pings
[rtr] checking pings
[rtr] checking pings
[rtr] checking pings
[rtr] checking pings
[rtr] checking pings
[rtr] checking pings
[rtr] checking pings
[rtr] checking pings
[rtr] checking pings
[rtr] checking pings
[rtr] checking pings
[rtr] checking pings
[rtr] checking pings
[rtr] checking pings
[rtr] checking pings
[rtr] checking pings
[rtr] checking pings
[rtr] checking pings
[rtr] checking pings
[rtr] checking pings
[rtr] checking pings
[rtr] checking pings
[rtr] checking pings
[rtr] checking pings
[rtr] checking pings
[rtr] checking pings
[rtr] checking pings
[rtr] checking pings
[rtr] checking pings
[rtr] checking pings
[rtr] checking pings
[rtr] checking pings
[rtr] checking pings
[rtr] checking pings
[rtr] checking pings
[rtr] checking pings
[rtr] checking pings
[rtr] checking pings
[rtr] checking pings
[rtr] checking pings
[rtr] checking pings
[rtr] checking pings
[rtr] checking pings
[rtr] checking pings
[rtr] checking pings
[rtr] checking pings
[rtr] checking pings
[rtr] checking pings
[rtr] checking pings
[rtr] checking pings
[rtr] checking pings
[rtr] checking pings
[rtr] checking pings
[rtr] checking pings
[rtr] checking pings
[rtr] checking pings
[rtr] checking pings
[rtr] checking pings
[rtr] checking pings
[rtr] checking pings
[rtr] checking pings
[rtr] checking pings
[rtr] checking pings
[rtr] checking pings
[rtr] checking pings
[rtr] checking pings
[rtr] checking pings
[rtr] checking pings
[rtr] checking pings
[rtr] checking pings
[rtr] checking pings
[rtr] checking pings
[rtr] checking pings
[rtr] checking pings
[rtr] checking pings
[rtr] checking pings
[rtr] checking pings
[rtr] checking pings
[rtr] checking pings
[rtr] checking pings
[rtr] checking pings
[rtr] checking pings
[rtr] checking pings
[rtr] checking pings
[rtr] checking pings
[rtr] checking pings
[rtr] checking pings
[rtr] checking pings
[rtr] checking pings
[rtr] checking pings
[rtr] checking pings
[rtr] checking pings
[rtr] checking pings
[rtr] checking pings
[rtr] checking pings
[rtr] checking pings
[rtr] checking pings
[rtr] checking pings
[rtr] checking pings
[rtr] checking pings
[rtr] checking pings
[rtr] checking pings
[rtr] checking pings
[rtr] checking pings
[rtr] checking pings
[rtr] checking pings
[rtr] checking pings
[rtr] checking pings
[rtr] checking pings
[rtr] checking pings
[rtr] checking pings
[rtr] checking pings
[rtr] checking pings
[rtr] checking pings
[rtr] checking pings
[rtr] checking pings
[rtr] checking pings
[rtr] checking pings
[rtr] checking pings
[rtr] checking pings
[rtr] checking pings
[rtr] checking pings
[rtr] checking pings
[rtr] checking pings
[rtr] checking pings
[rtr] checking pings
[rtr] checking pings
[rtr] checking pings
[rtr] checking pings
[rtr] checking pings
[rtr] checking pings
[rtr] checking pings
[rtr] checking pings
[rtr] checking pings
[rtr] checking pings
[rtr] checking pings
[rtr] checking pings
[rtr] checking pings
[rtr] checking pings
[rtr] checking pings
[rtr] checking pings
[rtr] checking pings
[rtr] checking pings
[rtr] checking pings
[rtr] checking pings
[rtr] checking pings
[rtr] checking pings
[rtr] checking pings
[rtr] checking pings
[rtr] checking pings
[rtr] checking pings
[rtr] checking pings
[rtr] checking pings
[rtr] checking pings
[rtr] checking pings
[rtr] checking pings
[rtr] checking pings
[rtr] checking pings
[rtr] checking pings
[rtr] checking pings
[rtr] checking pings
[rtr] checking pings
[rtr] checking pings
[rtr] checking pings
[rtr] checking pings
[rtr] checking pings
[rtr] checking pings
[rtr] checking pings
[rtr] checking pings
[rtr] checking pings
[rtr] checking pings
[rtr] checking pings
[rtr] checking pings
[rtr] checking pings
[rtr] checking pings
[rtr] checking pings
[rtr] checking pings
[rtr] checking pings
[rtr] checking pings
[rtr] checking pings
[rtr] checking pings
[rtr] checking pings
[rtr] checking pings
[rtr] checking pings
[rtr] checking pings
[rtr] checking pings
[rtr] checking pings
[rtr] checking pings
[rtr] checking pings
[rtr] checking pings
[rtr] checking pings
[rtr] checking pings
[rtr] checking pings
[rtr] checking pings
[rtr] checking pings
[rtr] checking pings
[rtr] checking pings
[rtr] checking pings
[rtr] checking pings
[rtr] checking pings
[rtr] checking pings
[rtr] checking pings
[rtr] checking pings
[rtr] checking pings
[rtr] checking pings
[rtr] checking pings
[rtr] checking pings
[rtr] checking pings
[rtr] checking pings
[rtr] checking pings
[rtr] checking pings
[rtr] checking pings
[rtr] checking pings
[rtr] checking pings
[rtr] checking pings
[rtr] checking pings
[rtr] checking pings
[rtr] checking pings
[rtr] checking pings
[rtr] checking pings
[rtr] checking pings
[rtr] checking pings
[rtr] checking pings
[rtr] checking pings
[rtr] checking pings
[rtr] checking pings
[rtr] checking pings
[rtr] checking pings
[rtr] checking pings
[rtr] checking pings
[rtr] checking pings
[rtr] checking pings
[rtr] checking pings
[rtr] checking pings
[rtr] checking pings
[rtr] checking pings
[rtr] checking pings
[rtr] checking pings
[rtr] checking pings
[rtr] checking pings
[rtr] checking pings
[rtr] checking pings
[rtr] checking pings
[rtr] checking pings
[rtr] checking pings
[rtr] checking pings
[rtr] checking pings
[rtr] checking pings
[rtr] checking pings
[rtr] checking pings
[rtr] checking pings
[rtr] checking pings
[rtr] checking pings
[rtr] checking pings
[rtr] checking pings
[rtr] checking pings
[rtr] checking pings
[rtr] checking pings
[rtr] checking pings
[rtr] checking pings
[rtr] checking pings
[rtr] checking pings
[rtr] checking pings
[rtr] checking pings
[rtr] checking pings
[rtr] checking pings
[rtr] checking pings
[rtr] checking pings
[rtr] checking pings
[rtr] checking pings
[rtr] checking pings
[rtr] checking pings
[rtr] checking pings
[rtr] checking pings
[rtr] checking pings
[rtr] checking pings
[rtr] checking pings
[rtr] checking pings
[rtr] checking pings
[rtr] checking pings
[rtr] checking pings
[rtr] checking pings
[rtr] checking pings
[rtr] checking pings
[rtr] checking pings
[rtr] checking pings
[rtr] checking pings
[rtr] checking pings
[rtr] checking pings
[rtr] checking pings
[rtr] checking pings
[rtr] checking pings
[rtr] checking pings
[rtr] checking pings
[rtr] checking pings
[control] <- summary; action=Request:"summary.all" 
[control] <- summary; action=Request:"summary.all" 
[control] <- Restart; action=Request:"restart.one" Target:"s100" RemoteID:"r101" 
[control] found parent remote
[control] new pid=76008
[control] <- summary; action=Request:"summary.all" 
[control] <- summary; action=Request:"summary.all" 
[control] <- summary; action=Request:"summary.all" 
[rtr] checking pings
[rtr] checking pings
[rtr] checking pings
[control] <- summary; action=Request:"summary.all" 
[rtr] checking pings
[rtr] checking pings
